<?xml version="1.0" encoding="UTF-8"?><testsuite errors="1" failures="0" name="BuyLaptop" skipped="0" tests="3" time="60.2" timestamp="2023-09-19 04:47:08"><testcase name="Buy Laptod successfull"/><testcase name="Agregate Laptod successfull"/><testcase name="Eliminate a product"><error message="Could not instantiate class org.openqa.selenium.chrome.ChromeDriver" type="net.thucydides.core.webdriver.DriverConfigurationError">Could not instantiate class org.openqa.selenium.chrome.ChromeDriver</error><system-err>Could not instantiate class org.openqa.selenium.chrome.ChromeDriver&#13;
com.co.shein.stepsdefinitions.LoginStepDefiniton.heUserEnterATheWebsite(LoginStepDefiniton.java:31)&#13;
cucumber.runner.Runner.runPickle(Runner.java:80)&#13;
worker.org.gradle.process.internal.worker.GradleWorkerMain.run(GradleWorkerMain.java:69)&#13;
worker.org.gradle.process.internal.worker.GradleWorkerMain.main(GradleWorkerMain.java:74)&#13;
</system-err></testcase></testsuite>