<?xml version="1.0" encoding="UTF-8"?><testsuite errors="1" failures="0" name="Register" skipped="0" tests="1" time="8.35" timestamp="2023-09-18 10:57:29"><testcase name="Register in the website"><error type="java.lang.StackOverflowError"/><system-err>null&#13;
com.co.shein.questions.ValidationRegister.validationRegister(ValidationRegister.java:15)&#13;
com.co.shein.questions.ValidationRegister.validationRegister(ValidationRegister.java:15)&#13;
com.co.shein.questions.ValidationRegister.validationRegister(ValidationRegister.java:15)&#13;
com.co.shein.questions.ValidationRegister.validationRegister(ValidationRegister.java:15)&#13;
com.co.shein.questions.ValidationRegister.validationRegister(ValidationRegister.java:15)&#13;
com.co.shein.questions.ValidationRegister.validationRegister(ValidationRegister.java:15)&#13;
com.co.shein.questions.ValidationRegister.validationRegister(ValidationRegister.java:15)&#13;
com.co.shein.questions.ValidationRegister.validationRegister(ValidationRegister.java:15)&#13;
com.co.shein.questions.ValidationRegister.validationRegister(ValidationRegister.java:15)&#13;
com.co.shein.questions.ValidationRegister.validationRegister(ValidationRegister.java:15)&#13;
com.co.shein.questions.ValidationRegister.validationRegister(ValidationRegister.java:15)&#13;
com.co.shein.questions.ValidationRegister.validationRegister(ValidationRegister.java:15)&#13;
com.co.shein.questions.ValidationRegister.validationRegister(ValidationRegister.java:15)&#13;
com.co.shein.questions.ValidationRegister.validationRegister(ValidationRegister.java:15)&#13;
com.co.shein.questions.ValidationRegister.validationRegister(ValidationRegister.java:15)&#13;
com.co.shein.questions.ValidationRegister.validationRegister(ValidationRegister.java:15)&#13;
com.co.shein.questions.ValidationRegister.validationRegister(ValidationRegister.java:15)&#13;
com.co.shein.questions.ValidationRegister.validationRegister(ValidationRegister.java:15)&#13;
com.co.shein.questions.ValidationRegister.validationRegister(ValidationRegister.java:15)&#13;
com.co.shein.questions.ValidationRegister.validationRegister(ValidationRegister.java:15)&#13;
com.co.shein.questions.ValidationRegister.validationRegister(ValidationRegister.java:15)&#13;
com.co.shein.questions.ValidationRegister.validationRegister(ValidationRegister.java:15)&#13;
com.co.shein.questions.ValidationRegister.validationRegister(ValidationRegister.java:15)&#13;
com.co.shein.questions.ValidationRegister.validationRegister(ValidationRegister.java:15)&#13;
com.co.shein.questions.ValidationRegister.validationRegister(ValidationRegister.java:15)&#13;
com.co.shein.questions.ValidationRegister.validationRegister(ValidationRegister.java:15)&#13;
com.co.shein.questions.ValidationRegister.validationRegister(ValidationRegister.java:15)&#13;
com.co.shein.questions.ValidationRegister.validationRegister(ValidationRegister.java:15)&#13;
com.co.shein.questions.ValidationRegister.validationRegister(ValidationRegister.java:15)&#13;
com.co.shein.questions.ValidationRegister.validationRegister(ValidationRegister.java:15)&#13;
com.co.shein.questions.ValidationRegister.validationRegister(ValidationRegister.java:15)&#13;
com.co.shein.questions.ValidationRegister.validationRegister(ValidationRegister.java:15)&#13;
com.co.shein.questions.ValidationRegister.validationRegister(ValidationRegister.java:15)&#13;
com.co.shein.questions.ValidationRegister.validationRegister(ValidationRegister.java:15)&#13;
com.co.shein.questions.ValidationRegister.validationRegister(ValidationRegister.java:15)&#13;
com.co.shein.questions.ValidationRegister.validationRegister(ValidationRegister.java:15)&#13;
com.co.shein.questions.ValidationRegister.validationRegister(ValidationRegister.java:15)&#13;
com.co.shein.questions.ValidationRegister.validationRegister(ValidationRegister.java:15)&#13;
com.co.shein.questions.ValidationRegister.validationRegister(ValidationRegister.java:15)&#13;
com.co.shein.questions.ValidationRegister.validationRegister(ValidationRegister.java:15)&#13;
com.co.shein.questions.ValidationRegister.validationRegister(ValidationRegister.java:15)&#13;
com.co.shein.questions.ValidationRegister.validationRegister(ValidationRegister.java:15)&#13;
com.co.shein.questions.ValidationRegister.validationRegister(ValidationRegister.java:15)&#13;
com.co.shein.questions.ValidationRegister.validationRegister(ValidationRegister.java:15)&#13;
com.co.shein.questions.ValidationRegister.validationRegister(ValidationRegister.java:15)&#13;
com.co.shein.questions.ValidationRegister.validationRegister(ValidationRegister.java:15)&#13;
com.co.shein.questions.ValidationRegister.validationRegister(ValidationRegister.java:15)&#13;
com.co.shein.questions.ValidationRegister.validationRegister(ValidationRegister.java:15)&#13;
com.co.shein.questions.ValidationRegister.validationRegister(ValidationRegister.java:15)&#13;
com.co.shein.questions.ValidationRegister.validationRegister(ValidationRegister.java:15)&#13;
com.co.shein.questions.ValidationRegister.validationRegister(ValidationRegister.java:15)&#13;
com.co.shein.questions.ValidationRegister.validationRegister(ValidationRegister.java:15)&#13;
com.co.shein.questions.ValidationRegister.validationRegister(ValidationRegister.java:15)&#13;
com.co.shein.questions.ValidationRegister.validationRegister(ValidationRegister.java:15)&#13;
com.co.shein.questions.ValidationRegister.validationRegister(ValidationRegister.java:15)&#13;
com.co.shein.questions.ValidationRegister.validationRegister(ValidationRegister.java:15)&#13;
com.co.shein.questions.ValidationRegister.validationRegister(ValidationRegister.java:15)&#13;
com.co.shein.questions.ValidationRegister.validationRegister(ValidationRegister.java:15)&#13;
com.co.shein.questions.ValidationRegister.validationRegister(ValidationRegister.java:15)&#13;
com.co.shein.questions.ValidationRegister.validationRegister(ValidationRegister.java:15)&#13;
com.co.shein.questions.ValidationRegister.validationRegister(ValidationRegister.java:15)&#13;
com.co.shein.questions.ValidationRegister.validationRegister(ValidationRegister.java:15)&#13;
com.co.shein.questions.ValidationRegister.validationRegister(ValidationRegister.java:15)&#13;
com.co.shein.questions.ValidationRegister.validationRegister(ValidationRegister.java:15)&#13;
com.co.shein.questions.ValidationRegister.validationRegister(ValidationRegister.java:15)&#13;
com.co.shein.questions.ValidationRegister.validationRegister(ValidationRegister.java:15)&#13;
com.co.shein.questions.ValidationRegister.validationRegister(ValidationRegister.java:15)&#13;
com.co.shein.questions.ValidationRegister.validationRegister(ValidationRegister.java:15)&#13;
com.co.shein.questions.ValidationRegister.validationRegister(ValidationRegister.java:15)&#13;
com.co.shein.questions.ValidationRegister.validationRegister(ValidationRegister.java:15)&#13;
com.co.shein.questions.ValidationRegister.validationRegister(ValidationRegister.java:15)&#13;
com.co.shein.questions.ValidationRegister.validationRegister(ValidationRegister.java:15)&#13;
com.co.shein.questions.ValidationRegister.validationRegister(ValidationRegister.java:15)&#13;
com.co.shein.questions.ValidationRegister.validationRegister(ValidationRegister.java:15)&#13;
com.co.shein.questions.ValidationRegister.validationRegister(ValidationRegister.java:15)&#13;
com.co.shein.questions.ValidationRegister.validationRegister(ValidationRegister.java:15)&#13;
com.co.shein.questions.ValidationRegister.validationRegister(ValidationRegister.java:15)&#13;
com.co.shein.questions.ValidationRegister.validationRegister(ValidationRegister.java:15)&#13;
com.co.shein.questions.ValidationRegister.validationRegister(ValidationRegister.java:15)&#13;
com.co.shein.questions.ValidationRegister.validationRegister(ValidationRegister.java:15)&#13;
com.co.shein.questions.ValidationRegister.validationRegister(ValidationRegister.java:15)&#13;
com.co.shein.questions.ValidationRegister.validationRegister(ValidationRegister.java:15)&#13;
com.co.shein.questions.ValidationRegister.validationRegister(ValidationRegister.java:15)&#13;
com.co.shein.questions.ValidationRegister.validationRegister(ValidationRegister.java:15)&#13;
com.co.shein.questions.ValidationRegister.validationRegister(ValidationRegister.java:15)&#13;
com.co.shein.questions.ValidationRegister.validationRegister(ValidationRegister.java:15)&#13;
com.co.shein.questions.ValidationRegister.validationRegister(ValidationRegister.java:15)&#13;
com.co.shein.questions.ValidationRegister.validationRegister(ValidationRegister.java:15)&#13;
com.co.shein.questions.ValidationRegister.validationRegister(ValidationRegister.java:15)&#13;
com.co.shein.questions.ValidationRegister.validationRegister(ValidationRegister.java:15)&#13;
com.co.shein.questions.ValidationRegister.validationRegister(ValidationRegister.java:15)&#13;
com.co.shein.questions.ValidationRegister.validationRegister(ValidationRegister.java:15)&#13;
com.co.shein.questions.ValidationRegister.validationRegister(ValidationRegister.java:15)&#13;
com.co.shein.questions.ValidationRegister.validationRegister(ValidationRegister.java:15)&#13;
com.co.shein.questions.ValidationRegister.validationRegister(ValidationRegister.java:15)&#13;
com.co.shein.questions.ValidationRegister.validationRegister(ValidationRegister.java:15)&#13;
com.co.shein.questions.ValidationRegister.validationRegister(ValidationRegister.java:15)&#13;
com.co.shein.questions.ValidationRegister.validationRegister(ValidationRegister.java:15)&#13;
com.co.shein.questions.ValidationRegister.validationRegister(ValidationRegister.java:15)&#13;
com.co.shein.questions.ValidationRegister.validationRegister(ValidationRegister.java:15)&#13;
com.co.shein.questions.ValidationRegister.validationRegister(ValidationRegister.java:15)&#13;
com.co.shein.questions.ValidationRegister.validationRegister(ValidationRegister.java:15)&#13;
com.co.shein.questions.ValidationRegister.validationRegister(ValidationRegister.java:15)&#13;
com.co.shein.questions.ValidationRegister.validationRegister(ValidationRegister.java:15)&#13;
com.co.shein.questions.ValidationRegister.validationRegister(ValidationRegister.java:15)&#13;
com.co.shein.questions.ValidationRegister.validationRegister(ValidationRegister.java:15)&#13;
com.co.shein.questions.ValidationRegister.validationRegister(ValidationRegister.java:15)&#13;
com.co.shein.questions.ValidationRegister.validationRegister(ValidationRegister.java:15)&#13;
com.co.shein.questions.ValidationRegister.validationRegister(ValidationRegister.java:15)&#13;
com.co.shein.questions.ValidationRegister.validationRegister(ValidationRegister.java:15)&#13;
com.co.shein.questions.ValidationRegister.validationRegister(ValidationRegister.java:15)&#13;
com.co.shein.questions.ValidationRegister.validationRegister(ValidationRegister.java:15)&#13;
com.co.shein.questions.ValidationRegister.validationRegister(ValidationRegister.java:15)&#13;
com.co.shein.questions.ValidationRegister.validationRegister(ValidationRegister.java:15)&#13;
com.co.shein.questions.ValidationRegister.validationRegister(ValidationRegister.java:15)&#13;
com.co.shein.questions.ValidationRegister.validationRegister(ValidationRegister.java:15)&#13;
com.co.shein.questions.ValidationRegister.validationRegister(ValidationRegister.java:15)&#13;
com.co.shein.questions.ValidationRegister.validationRegister(ValidationRegister.java:15)&#13;
com.co.shein.questions.ValidationRegister.validationRegister(ValidationRegister.java:15)&#13;
com.co.shein.questions.ValidationRegister.validationRegister(ValidationRegister.java:15)&#13;
com.co.shein.questions.ValidationRegister.validationRegister(ValidationRegister.java:15)&#13;
com.co.shein.questions.ValidationRegister.validationRegister(ValidationRegister.java:15)&#13;
com.co.shein.questions.ValidationRegister.validationRegister(ValidationRegister.java:15)&#13;
com.co.shein.questions.ValidationRegister.validationRegister(ValidationRegister.java:15)&#13;
com.co.shein.questions.ValidationRegister.validationRegister(ValidationRegister.java:15)&#13;
com.co.shein.questions.ValidationRegister.validationRegister(ValidationRegister.java:15)&#13;
com.co.shein.questions.ValidationRegister.validationRegister(ValidationRegister.java:15)&#13;
com.co.shein.questions.ValidationRegister.validationRegister(ValidationRegister.java:15)&#13;
com.co.shein.questions.ValidationRegister.validationRegister(ValidationRegister.java:15)&#13;
com.co.shein.questions.ValidationRegister.validationRegister(ValidationRegister.java:15)&#13;
com.co.shein.questions.ValidationRegister.validationRegister(ValidationRegister.java:15)&#13;
com.co.shein.questions.ValidationRegister.validationRegister(ValidationRegister.java:15)&#13;
com.co.shein.questions.ValidationRegister.validationRegister(ValidationRegister.java:15)&#13;
com.co.shein.questions.ValidationRegister.validationRegister(ValidationRegister.java:15)&#13;
com.co.shein.questions.ValidationRegister.validationRegister(ValidationRegister.java:15)&#13;
com.co.shein.questions.ValidationRegister.validationRegister(ValidationRegister.java:15)&#13;
com.co.shein.questions.ValidationRegister.validationRegister(ValidationRegister.java:15)&#13;
com.co.shein.questions.ValidationRegister.validationRegister(ValidationRegister.java:15)&#13;
com.co.shein.questions.ValidationRegister.validationRegister(ValidationRegister.java:15)&#13;
com.co.shein.questions.ValidationRegister.validationRegister(ValidationRegister.java:15)&#13;
com.co.shein.questions.ValidationRegister.validationRegister(ValidationRegister.java:15)&#13;
com.co.shein.questions.ValidationRegister.validationRegister(ValidationRegister.java:15)&#13;
com.co.shein.questions.ValidationRegister.validationRegister(ValidationRegister.java:15)&#13;
com.co.shein.questions.ValidationRegister.validationRegister(ValidationRegister.java:15)&#13;
com.co.shein.questions.ValidationRegister.validationRegister(ValidationRegister.java:15)&#13;
com.co.shein.questions.ValidationRegister.validationRegister(ValidationRegister.java:15)&#13;
com.co.shein.questions.ValidationRegister.validationRegister(ValidationRegister.java:15)&#13;
com.co.shein.questions.ValidationRegister.validationRegister(ValidationRegister.java:15)&#13;
com.co.shein.questions.ValidationRegister.validationRegister(ValidationRegister.java:15)&#13;
com.co.shein.questions.ValidationRegister.validationRegister(ValidationRegister.java:15)&#13;
com.co.shein.questions.ValidationRegister.validationRegister(ValidationRegister.java:15)&#13;
com.co.shein.questions.ValidationRegister.validationRegister(ValidationRegister.java:15)&#13;
com.co.shein.questions.ValidationRegister.validationRegister(ValidationRegister.java:15)&#13;
com.co.shein.questions.ValidationRegister.validationRegister(ValidationRegister.java:15)&#13;
com.co.shein.questions.ValidationRegister.validationRegister(ValidationRegister.java:15)&#13;
com.co.shein.questions.ValidationRegister.validationRegister(ValidationRegister.java:15)&#13;
com.co.shein.questions.ValidationRegister.validationRegister(ValidationRegister.java:15)&#13;
com.co.shein.questions.ValidationRegister.validationRegister(ValidationRegister.java:15)&#13;
com.co.shein.questions.ValidationRegister.validationRegister(ValidationRegister.java:15)&#13;
com.co.shein.questions.ValidationRegister.validationRegister(ValidationRegister.java:15)&#13;
com.co.shein.questions.ValidationRegister.validationRegister(ValidationRegister.java:15)&#13;
com.co.shein.questions.ValidationRegister.validationRegister(ValidationRegister.java:15)&#13;
com.co.shein.questions.ValidationRegister.validationRegister(ValidationRegister.java:15)&#13;
com.co.shein.questions.ValidationRegister.validationRegister(ValidationRegister.java:15)&#13;
com.co.shein.questions.ValidationRegister.validationRegister(ValidationRegister.java:15)&#13;
com.co.shein.questions.ValidationRegister.validationRegister(ValidationRegister.java:15)&#13;
com.co.shein.questions.ValidationRegister.validationRegister(ValidationRegister.java:15)&#13;
com.co.shein.questions.ValidationRegister.validationRegister(ValidationRegister.java:15)&#13;
com.co.shein.questions.ValidationRegister.validationRegister(ValidationRegister.java:15)&#13;
com.co.shein.questions.ValidationRegister.validationRegister(ValidationRegister.java:15)&#13;
com.co.shein.questions.ValidationRegister.validationRegister(ValidationRegister.java:15)&#13;
com.co.shein.questions.ValidationRegister.validationRegister(ValidationRegister.java:15)&#13;
com.co.shein.questions.ValidationRegister.validationRegister(ValidationRegister.java:15)&#13;
com.co.shein.questions.ValidationRegister.validationRegister(ValidationRegister.java:15)&#13;
com.co.shein.questions.ValidationRegister.validationRegister(ValidationRegister.java:15)&#13;
com.co.shein.questions.ValidationRegister.validationRegister(ValidationRegister.java:15)&#13;
com.co.shein.questions.ValidationRegister.validationRegister(ValidationRegister.java:15)&#13;
com.co.shein.questions.ValidationRegister.validationRegister(ValidationRegister.java:15)&#13;
com.co.shein.questions.ValidationRegister.validationRegister(ValidationRegister.java:15)&#13;
com.co.shein.questions.ValidationRegister.validationRegister(ValidationRegister.java:15)&#13;
com.co.shein.questions.ValidationRegister.validationRegister(ValidationRegister.java:15)&#13;
com.co.shein.questions.ValidationRegister.validationRegister(ValidationRegister.java:15)&#13;
com.co.shein.questions.ValidationRegister.validationRegister(ValidationRegister.java:15)&#13;
com.co.shein.questions.ValidationRegister.validationRegister(ValidationRegister.java:15)&#13;
com.co.shein.questions.ValidationRegister.validationRegister(ValidationRegister.java:15)&#13;
com.co.shein.questions.ValidationRegister.validationRegister(ValidationRegister.java:15)&#13;
com.co.shein.questions.ValidationRegister.validationRegister(ValidationRegister.java:15)&#13;
com.co.shein.questions.ValidationRegister.validationRegister(ValidationRegister.java:15)&#13;
com.co.shein.questions.ValidationRegister.validationRegister(ValidationRegister.java:15)&#13;
com.co.shein.questions.ValidationRegister.validationRegister(ValidationRegister.java:15)&#13;
com.co.shein.questions.ValidationRegister.validationRegister(ValidationRegister.java:15)&#13;
com.co.shein.questions.ValidationRegister.validationRegister(ValidationRegister.java:15)&#13;
com.co.shein.questions.ValidationRegister.validationRegister(ValidationRegister.java:15)&#13;
com.co.shein.questions.ValidationRegister.validationRegister(ValidationRegister.java:15)&#13;
com.co.shein.questions.ValidationRegister.validationRegister(ValidationRegister.java:15)&#13;
com.co.shein.questions.ValidationRegister.validationRegister(ValidationRegister.java:15)&#13;
com.co.shein.questions.ValidationRegister.validationRegister(ValidationRegister.java:15)&#13;
com.co.shein.questions.ValidationRegister.validationRegister(ValidationRegister.java:15)&#13;
com.co.shein.questions.ValidationRegister.validationRegister(ValidationRegister.java:15)&#13;
com.co.shein.questions.ValidationRegister.validationRegister(ValidationRegister.java:15)&#13;
com.co.shein.questions.ValidationRegister.validationRegister(ValidationRegister.java:15)&#13;
com.co.shein.questions.ValidationRegister.validationRegister(ValidationRegister.java:15)&#13;
com.co.shein.questions.ValidationRegister.validationRegister(ValidationRegister.java:15)&#13;
com.co.shein.questions.ValidationRegister.validationRegister(ValidationRegister.java:15)&#13;
com.co.shein.questions.ValidationRegister.validationRegister(ValidationRegister.java:15)&#13;
com.co.shein.questions.ValidationRegister.validationRegister(ValidationRegister.java:15)&#13;
com.co.shein.questions.ValidationRegister.validationRegister(ValidationRegister.java:15)&#13;
com.co.shein.questions.ValidationRegister.validationRegister(ValidationRegister.java:15)&#13;
com.co.shein.questions.ValidationRegister.validationRegister(ValidationRegister.java:15)&#13;
com.co.shein.questions.ValidationRegister.validationRegister(ValidationRegister.java:15)&#13;
com.co.shein.questions.ValidationRegister.validationRegister(ValidationRegister.java:15)&#13;
com.co.shein.questions.ValidationRegister.validationRegister(ValidationRegister.java:15)&#13;
com.co.shein.questions.ValidationRegister.validationRegister(ValidationRegister.java:15)&#13;
com.co.shein.questions.ValidationRegister.validationRegister(ValidationRegister.java:15)&#13;
com.co.shein.questions.ValidationRegister.validationRegister(ValidationRegister.java:15)&#13;
com.co.shein.questions.ValidationRegister.validationRegister(ValidationRegister.java:15)&#13;
com.co.shein.questions.ValidationRegister.validationRegister(ValidationRegister.java:15)&#13;
com.co.shein.questions.ValidationRegister.validationRegister(ValidationRegister.java:15)&#13;
com.co.shein.questions.ValidationRegister.validationRegister(ValidationRegister.java:15)&#13;
com.co.shein.questions.ValidationRegister.validationRegister(ValidationRegister.java:15)&#13;
com.co.shein.questions.ValidationRegister.validationRegister(ValidationRegister.java:15)&#13;
com.co.shein.questions.ValidationRegister.validationRegister(ValidationRegister.java:15)&#13;
com.co.shein.questions.ValidationRegister.validationRegister(ValidationRegister.java:15)&#13;
com.co.shein.questions.ValidationRegister.validationRegister(ValidationRegister.java:15)&#13;
com.co.shein.questions.ValidationRegister.validationRegister(ValidationRegister.java:15)&#13;
com.co.shein.questions.ValidationRegister.validationRegister(ValidationRegister.java:15)&#13;
com.co.shein.questions.ValidationRegister.validationRegister(ValidationRegister.java:15)&#13;
com.co.shein.questions.ValidationRegister.validationRegister(ValidationRegister.java:15)&#13;
com.co.shein.questions.ValidationRegister.validationRegister(ValidationRegister.java:15)&#13;
com.co.shein.questions.ValidationRegister.validationRegister(ValidationRegister.java:15)&#13;
com.co.shein.questions.ValidationRegister.validationRegister(ValidationRegister.java:15)&#13;
com.co.shein.questions.ValidationRegister.validationRegister(ValidationRegister.java:15)&#13;
com.co.shein.questions.ValidationRegister.validationRegister(ValidationRegister.java:15)&#13;
com.co.shein.questions.ValidationRegister.validationRegister(ValidationRegister.java:15)&#13;
com.co.shein.questions.ValidationRegister.validationRegister(ValidationRegister.java:15)&#13;
com.co.shein.questions.ValidationRegister.validationRegister(ValidationRegister.java:15)&#13;
com.co.shein.questions.ValidationRegister.validationRegister(ValidationRegister.java:15)&#13;
com.co.shein.questions.ValidationRegister.validationRegister(ValidationRegister.java:15)&#13;
com.co.shein.questions.ValidationRegister.validationRegister(ValidationRegister.java:15)&#13;
com.co.shein.questions.ValidationRegister.validationRegister(ValidationRegister.java:15)&#13;
com.co.shein.questions.ValidationRegister.validationRegister(ValidationRegister.java:15)&#13;
com.co.shein.questions.ValidationRegister.validationRegister(ValidationRegister.java:15)&#13;
com.co.shein.questions.ValidationRegister.validationRegister(ValidationRegister.java:15)&#13;
com.co.shein.questions.ValidationRegister.validationRegister(ValidationRegister.java:15)&#13;
com.co.shein.questions.ValidationRegister.validationRegister(ValidationRegister.java:15)&#13;
com.co.shein.questions.ValidationRegister.validationRegister(ValidationRegister.java:15)&#13;
com.co.shein.questions.ValidationRegister.validationRegister(ValidationRegister.java:15)&#13;
com.co.shein.questions.ValidationRegister.validationRegister(ValidationRegister.java:15)&#13;
com.co.shein.questions.ValidationRegister.validationRegister(ValidationRegister.java:15)&#13;
com.co.shein.questions.ValidationRegister.validationRegister(ValidationRegister.java:15)&#13;
com.co.shein.questions.ValidationRegister.validationRegister(ValidationRegister.java:15)&#13;
com.co.shein.questions.ValidationRegister.validationRegister(ValidationRegister.java:15)&#13;
com.co.shein.questions.ValidationRegister.validationRegister(ValidationRegister.java:15)&#13;
com.co.shein.questions.ValidationRegister.validationRegister(ValidationRegister.java:15)&#13;
com.co.shein.questions.ValidationRegister.validationRegister(ValidationRegister.java:15)&#13;
com.co.shein.questions.ValidationRegister.validationRegister(ValidationRegister.java:15)&#13;
com.co.shein.questions.ValidationRegister.validationRegister(ValidationRegister.java:15)&#13;
com.co.shein.questions.ValidationRegister.validationRegister(ValidationRegister.java:15)&#13;
com.co.shein.questions.ValidationRegister.validationRegister(ValidationRegister.java:15)&#13;
com.co.shein.questions.ValidationRegister.validationRegister(ValidationRegister.java:15)&#13;
com.co.shein.questions.ValidationRegister.validationRegister(ValidationRegister.java:15)&#13;
com.co.shein.questions.ValidationRegister.validationRegister(ValidationRegister.java:15)&#13;
com.co.shein.questions.ValidationRegister.validationRegister(ValidationRegister.java:15)&#13;
com.co.shein.questions.ValidationRegister.validationRegister(ValidationRegister.java:15)&#13;
com.co.shein.questions.ValidationRegister.validationRegister(ValidationRegister.java:15)&#13;
com.co.shein.questions.ValidationRegister.validationRegister(ValidationRegister.java:15)&#13;
com.co.shein.questions.ValidationRegister.validationRegister(ValidationRegister.java:15)&#13;
com.co.shein.questions.ValidationRegister.validationRegister(ValidationRegister.java:15)&#13;
com.co.shein.questions.ValidationRegister.validationRegister(ValidationRegister.java:15)&#13;
com.co.shein.questions.ValidationRegister.validationRegister(ValidationRegister.java:15)&#13;
com.co.shein.questions.ValidationRegister.validationRegister(ValidationRegister.java:15)&#13;
com.co.shein.questions.ValidationRegister.validationRegister(ValidationRegister.java:15)&#13;
com.co.shein.questions.ValidationRegister.validationRegister(ValidationRegister.java:15)&#13;
com.co.shein.questions.ValidationRegister.validationRegister(ValidationRegister.java:15)&#13;
com.co.shein.questions.ValidationRegister.validationRegister(ValidationRegister.java:15)&#13;
com.co.shein.questions.ValidationRegister.validationRegister(ValidationRegister.java:15)&#13;
com.co.shein.questions.ValidationRegister.validationRegister(ValidationRegister.java:15)&#13;
com.co.shein.questions.ValidationRegister.validationRegister(ValidationRegister.java:15)&#13;
com.co.shein.questions.ValidationRegister.validationRegister(ValidationRegister.java:15)&#13;
com.co.shein.questions.ValidationRegister.validationRegister(ValidationRegister.java:15)&#13;
com.co.shein.questions.ValidationRegister.validationRegister(ValidationRegister.java:15)&#13;
com.co.shein.questions.ValidationRegister.validationRegister(ValidationRegister.java:15)&#13;
com.co.shein.questions.ValidationRegister.validationRegister(ValidationRegister.java:15)&#13;
com.co.shein.questions.ValidationRegister.validationRegister(ValidationRegister.java:15)&#13;
com.co.shein.questions.ValidationRegister.validationRegister(ValidationRegister.java:15)&#13;
com.co.shein.questions.ValidationRegister.validationRegister(ValidationRegister.java:15)&#13;
com.co.shein.questions.ValidationRegister.validationRegister(ValidationRegister.java:15)&#13;
com.co.shein.questions.ValidationRegister.validationRegister(ValidationRegister.java:15)&#13;
com.co.shein.questions.ValidationRegister.validationRegister(ValidationRegister.java:15)&#13;
com.co.shein.questions.ValidationRegister.validationRegister(ValidationRegister.java:15)&#13;
com.co.shein.questions.ValidationRegister.validationRegister(ValidationRegister.java:15)&#13;
com.co.shein.questions.ValidationRegister.validationRegister(ValidationRegister.java:15)&#13;
com.co.shein.questions.ValidationRegister.validationRegister(ValidationRegister.java:15)&#13;
com.co.shein.questions.ValidationRegister.validationRegister(ValidationRegister.java:15)&#13;
com.co.shein.questions.ValidationRegister.validationRegister(ValidationRegister.java:15)&#13;
com.co.shein.questions.ValidationRegister.validationRegister(ValidationRegister.java:15)&#13;
com.co.shein.questions.ValidationRegister.validationRegister(ValidationRegister.java:15)&#13;
com.co.shein.questions.ValidationRegister.validationRegister(ValidationRegister.java:15)&#13;
com.co.shein.questions.ValidationRegister.validationRegister(ValidationRegister.java:15)&#13;
com.co.shein.questions.ValidationRegister.validationRegister(ValidationRegister.java:15)&#13;
com.co.shein.questions.ValidationRegister.validationRegister(ValidationRegister.java:15)&#13;
com.co.shein.questions.ValidationRegister.validationRegister(ValidationRegister.java:15)&#13;
com.co.shein.questions.ValidationRegister.validationRegister(ValidationRegister.java:15)&#13;
com.co.shein.questions.ValidationRegister.validationRegister(ValidationRegister.java:15)&#13;
com.co.shein.questions.ValidationRegister.validationRegister(ValidationRegister.java:15)&#13;
com.co.shein.questions.ValidationRegister.validationRegister(ValidationRegister.java:15)&#13;
com.co.shein.questions.ValidationRegister.validationRegister(ValidationRegister.java:15)&#13;
com.co.shein.questions.ValidationRegister.validationRegister(ValidationRegister.java:15)&#13;
com.co.shein.questions.ValidationRegister.validationRegister(ValidationRegister.java:15)&#13;
com.co.shein.questions.ValidationRegister.validationRegister(ValidationRegister.java:15)&#13;
com.co.shein.questions.ValidationRegister.validationRegister(ValidationRegister.java:15)&#13;
com.co.shein.questions.ValidationRegister.validationRegister(ValidationRegister.java:15)&#13;
com.co.shein.questions.ValidationRegister.validationRegister(ValidationRegister.java:15)&#13;
com.co.shein.questions.ValidationRegister.validationRegister(ValidationRegister.java:15)&#13;
com.co.shein.questions.ValidationRegister.validationRegister(ValidationRegister.java:15)&#13;
com.co.shein.questions.ValidationRegister.validationRegister(ValidationRegister.java:15)&#13;
com.co.shein.questions.ValidationRegister.validationRegister(ValidationRegister.java:15)&#13;
com.co.shein.questions.ValidationRegister.validationRegister(ValidationRegister.java:15)&#13;
com.co.shein.questions.ValidationRegister.validationRegister(ValidationRegister.java:15)&#13;
com.co.shein.questions.ValidationRegister.validationRegister(ValidationRegister.java:15)&#13;
com.co.shein.questions.ValidationRegister.validationRegister(ValidationRegister.java:15)&#13;
com.co.shein.questions.ValidationRegister.validationRegister(ValidationRegister.java:15)&#13;
com.co.shein.questions.ValidationRegister.validationRegister(ValidationRegister.java:15)&#13;
com.co.shein.questions.ValidationRegister.validationRegister(ValidationRegister.java:15)&#13;
com.co.shein.questions.ValidationRegister.validationRegister(ValidationRegister.java:15)&#13;
com.co.shein.questions.ValidationRegister.validationRegister(ValidationRegister.java:15)&#13;
com.co.shein.questions.ValidationRegister.validationRegister(ValidationRegister.java:15)&#13;
com.co.shein.questions.ValidationRegister.validationRegister(ValidationRegister.java:15)&#13;
com.co.shein.questions.ValidationRegister.validationRegister(ValidationRegister.java:15)&#13;
com.co.shein.questions.ValidationRegister.validationRegister(ValidationRegister.java:15)&#13;
com.co.shein.questions.ValidationRegister.validationRegister(ValidationRegister.java:15)&#13;
com.co.shein.questions.ValidationRegister.validationRegister(ValidationRegister.java:15)&#13;
com.co.shein.questions.ValidationRegister.validationRegister(ValidationRegister.java:15)&#13;
com.co.shein.questions.ValidationRegister.validationRegister(ValidationRegister.java:15)&#13;
com.co.shein.questions.ValidationRegister.validationRegister(ValidationRegister.java:15)&#13;
com.co.shein.questions.ValidationRegister.validationRegister(ValidationRegister.java:15)&#13;
com.co.shein.questions.ValidationRegister.validationRegister(ValidationRegister.java:15)&#13;
com.co.shein.questions.ValidationRegister.validationRegister(ValidationRegister.java:15)&#13;
com.co.shein.questions.ValidationRegister.validationRegister(ValidationRegister.java:15)&#13;
com.co.shein.questions.ValidationRegister.validationRegister(ValidationRegister.java:15)&#13;
com.co.shein.questions.ValidationRegister.validationRegister(ValidationRegister.java:15)&#13;
com.co.shein.questions.ValidationRegister.validationRegister(ValidationRegister.java:15)&#13;
com.co.shein.questions.ValidationRegister.validationRegister(ValidationRegister.java:15)&#13;
com.co.shein.questions.ValidationRegister.validationRegister(ValidationRegister.java:15)&#13;
com.co.shein.questions.ValidationRegister.validationRegister(ValidationRegister.java:15)&#13;
com.co.shein.questions.ValidationRegister.validationRegister(ValidationRegister.java:15)&#13;
com.co.shein.questions.ValidationRegister.validationRegister(ValidationRegister.java:15)&#13;
com.co.shein.questions.ValidationRegister.validationRegister(ValidationRegister.java:15)&#13;
com.co.shein.questions.ValidationRegister.validationRegister(ValidationRegister.java:15)&#13;
com.co.shein.questions.ValidationRegister.validationRegister(ValidationRegister.java:15)&#13;
com.co.shein.questions.ValidationRegister.validationRegister(ValidationRegister.java:15)&#13;
com.co.shein.questions.ValidationRegister.validationRegister(ValidationRegister.java:15)&#13;
com.co.shein.questions.ValidationRegister.validationRegister(ValidationRegister.java:15)&#13;
com.co.shein.questions.ValidationRegister.validationRegister(ValidationRegister.java:15)&#13;
com.co.shein.questions.ValidationRegister.validationRegister(ValidationRegister.java:15)&#13;
com.co.shein.questions.ValidationRegister.validationRegister(ValidationRegister.java:15)&#13;
com.co.shein.questions.ValidationRegister.validationRegister(ValidationRegister.java:15)&#13;
com.co.shein.questions.ValidationRegister.validationRegister(ValidationRegister.java:15)&#13;
com.co.shein.questions.ValidationRegister.validationRegister(ValidationRegister.java:15)&#13;
com.co.shein.questions.ValidationRegister.validationRegister(ValidationRegister.java:15)&#13;
com.co.shein.questions.ValidationRegister.validationRegister(ValidationRegister.java:15)&#13;
com.co.shein.questions.ValidationRegister.validationRegister(ValidationRegister.java:15)&#13;
com.co.shein.questions.ValidationRegister.validationRegister(ValidationRegister.java:15)&#13;
com.co.shein.questions.ValidationRegister.validationRegister(ValidationRegister.java:15)&#13;
com.co.shein.questions.ValidationRegister.validationRegister(ValidationRegister.java:15)&#13;
com.co.shein.questions.ValidationRegister.validationRegister(ValidationRegister.java:15)&#13;
com.co.shein.questions.ValidationRegister.validationRegister(ValidationRegister.java:15)&#13;
com.co.shein.questions.ValidationRegister.validationRegister(ValidationRegister.java:15)&#13;
com.co.shein.questions.ValidationRegister.validationRegister(ValidationRegister.java:15)&#13;
com.co.shein.questions.ValidationRegister.validationRegister(ValidationRegister.java:15)&#13;
com.co.shein.questions.ValidationRegister.validationRegister(ValidationRegister.java:15)&#13;
com.co.shein.questions.ValidationRegister.validationRegister(ValidationRegister.java:15)&#13;
com.co.shein.questions.ValidationRegister.validationRegister(ValidationRegister.java:15)&#13;
com.co.shein.questions.ValidationRegister.validationRegister(ValidationRegister.java:15)&#13;
com.co.shein.questions.ValidationRegister.validationRegister(ValidationRegister.java:15)&#13;
com.co.shein.questions.ValidationRegister.validationRegister(ValidationRegister.java:15)&#13;
com.co.shein.questions.ValidationRegister.validationRegister(ValidationRegister.java:15)&#13;
com.co.shein.questions.ValidationRegister.validationRegister(ValidationRegister.java:15)&#13;
com.co.shein.questions.ValidationRegister.validationRegister(ValidationRegister.java:15)&#13;
com.co.shein.questions.ValidationRegister.validationRegister(ValidationRegister.java:15)&#13;
com.co.shein.questions.ValidationRegister.validationRegister(ValidationRegister.java:15)&#13;
com.co.shein.questions.ValidationRegister.validationRegister(ValidationRegister.java:15)&#13;
com.co.shein.questions.ValidationRegister.validationRegister(ValidationRegister.java:15)&#13;
com.co.shein.questions.ValidationRegister.validationRegister(ValidationRegister.java:15)&#13;
com.co.shein.questions.ValidationRegister.validationRegister(ValidationRegister.java:15)&#13;
com.co.shein.questions.ValidationRegister.validationRegister(ValidationRegister.java:15)&#13;
com.co.shein.questions.ValidationRegister.validationRegister(ValidationRegister.java:15)&#13;
com.co.shein.questions.ValidationRegister.validationRegister(ValidationRegister.java:15)&#13;
com.co.shein.questions.ValidationRegister.validationRegister(ValidationRegister.java:15)&#13;
com.co.shein.questions.ValidationRegister.validationRegister(ValidationRegister.java:15)&#13;
com.co.shein.questions.ValidationRegister.validationRegister(ValidationRegister.java:15)&#13;
com.co.shein.questions.ValidationRegister.validationRegister(ValidationRegister.java:15)&#13;
com.co.shein.questions.ValidationRegister.validationRegister(ValidationRegister.java:15)&#13;
com.co.shein.questions.ValidationRegister.validationRegister(ValidationRegister.java:15)&#13;
com.co.shein.questions.ValidationRegister.validationRegister(ValidationRegister.java:15)&#13;
com.co.shein.questions.ValidationRegister.validationRegister(ValidationRegister.java:15)&#13;
com.co.shein.questions.ValidationRegister.validationRegister(ValidationRegister.java:15)&#13;
com.co.shein.questions.ValidationRegister.validationRegister(ValidationRegister.java:15)&#13;
com.co.shein.questions.ValidationRegister.validationRegister(ValidationRegister.java:15)&#13;
com.co.shein.questions.ValidationRegister.validationRegister(ValidationRegister.java:15)&#13;
com.co.shein.questions.ValidationRegister.validationRegister(ValidationRegister.java:15)&#13;
com.co.shein.questions.ValidationRegister.validationRegister(ValidationRegister.java:15)&#13;
com.co.shein.questions.ValidationRegister.validationRegister(ValidationRegister.java:15)&#13;
com.co.shein.questions.ValidationRegister.validationRegister(ValidationRegister.java:15)&#13;
com.co.shein.questions.ValidationRegister.validationRegister(ValidationRegister.java:15)&#13;
com.co.shein.questions.ValidationRegister.validationRegister(ValidationRegister.java:15)&#13;
com.co.shein.questions.ValidationRegister.validationRegister(ValidationRegister.java:15)&#13;
com.co.shein.questions.ValidationRegister.validationRegister(ValidationRegister.java:15)&#13;
com.co.shein.questions.ValidationRegister.validationRegister(ValidationRegister.java:15)&#13;
com.co.shein.questions.ValidationRegister.validationRegister(ValidationRegister.java:15)&#13;
com.co.shein.questions.ValidationRegister.validationRegister(ValidationRegister.java:15)&#13;
com.co.shein.questions.ValidationRegister.validationRegister(ValidationRegister.java:15)&#13;
com.co.shein.questions.ValidationRegister.validationRegister(ValidationRegister.java:15)&#13;
com.co.shein.questions.ValidationRegister.validationRegister(ValidationRegister.java:15)&#13;
com.co.shein.questions.ValidationRegister.validationRegister(ValidationRegister.java:15)&#13;
com.co.shein.questions.ValidationRegister.validationRegister(ValidationRegister.java:15)&#13;
com.co.shein.questions.ValidationRegister.validationRegister(ValidationRegister.java:15)&#13;
com.co.shein.questions.ValidationRegister.validationRegister(ValidationRegister.java:15)&#13;
com.co.shein.questions.ValidationRegister.validationRegister(ValidationRegister.java:15)&#13;
com.co.shein.questions.ValidationRegister.validationRegister(ValidationRegister.java:15)&#13;
com.co.shein.questions.ValidationRegister.validationRegister(ValidationRegister.java:15)&#13;
com.co.shein.questions.ValidationRegister.validationRegister(ValidationRegister.java:15)&#13;
com.co.shein.questions.ValidationRegister.validationRegister(ValidationRegister.java:15)&#13;
com.co.shein.questions.ValidationRegister.validationRegister(ValidationRegister.java:15)&#13;
com.co.shein.questions.ValidationRegister.validationRegister(ValidationRegister.java:15)&#13;
com.co.shein.questions.ValidationRegister.validationRegister(ValidationRegister.java:15)&#13;
com.co.shein.questions.ValidationRegister.validationRegister(ValidationRegister.java:15)&#13;
com.co.shein.questions.ValidationRegister.validationRegister(ValidationRegister.java:15)&#13;
com.co.shein.questions.ValidationRegister.validationRegister(ValidationRegister.java:15)&#13;
com.co.shein.questions.ValidationRegister.validationRegister(ValidationRegister.java:15)&#13;
com.co.shein.questions.ValidationRegister.validationRegister(ValidationRegister.java:15)&#13;
com.co.shein.questions.ValidationRegister.validationRegister(ValidationRegister.java:15)&#13;
com.co.shein.questions.ValidationRegister.validationRegister(ValidationRegister.java:15)&#13;
com.co.shein.questions.ValidationRegister.validationRegister(ValidationRegister.java:15)&#13;
com.co.shein.questions.ValidationRegister.validationRegister(ValidationRegister.java:15)&#13;
com.co.shein.questions.ValidationRegister.validationRegister(ValidationRegister.java:15)&#13;
com.co.shein.questions.ValidationRegister.validationRegister(ValidationRegister.java:15)&#13;
com.co.shein.questions.ValidationRegister.validationRegister(ValidationRegister.java:15)&#13;
com.co.shein.questions.ValidationRegister.validationRegister(ValidationRegister.java:15)&#13;
com.co.shein.questions.ValidationRegister.validationRegister(ValidationRegister.java:15)&#13;
com.co.shein.questions.ValidationRegister.validationRegister(ValidationRegister.java:15)&#13;
com.co.shein.questions.ValidationRegister.validationRegister(ValidationRegister.java:15)&#13;
com.co.shein.questions.ValidationRegister.validationRegister(ValidationRegister.java:15)&#13;
com.co.shein.questions.ValidationRegister.validationRegister(ValidationRegister.java:15)&#13;
com.co.shein.questions.ValidationRegister.validationRegister(ValidationRegister.java:15)&#13;
com.co.shein.questions.ValidationRegister.validationRegister(ValidationRegister.java:15)&#13;
com.co.shein.questions.ValidationRegister.validationRegister(ValidationRegister.java:15)&#13;
com.co.shein.questions.ValidationRegister.validationRegister(ValidationRegister.java:15)&#13;
com.co.shein.questions.ValidationRegister.validationRegister(ValidationRegister.java:15)&#13;
com.co.shein.questions.ValidationRegister.validationRegister(ValidationRegister.java:15)&#13;
com.co.shein.questions.ValidationRegister.validationRegister(ValidationRegister.java:15)&#13;
com.co.shein.questions.ValidationRegister.validationRegister(ValidationRegister.java:15)&#13;
com.co.shein.questions.ValidationRegister.validationRegister(ValidationRegister.java:15)&#13;
com.co.shein.questions.ValidationRegister.validationRegister(ValidationRegister.java:15)&#13;
com.co.shein.questions.ValidationRegister.validationRegister(ValidationRegister.java:15)&#13;
com.co.shein.questions.ValidationRegister.validationRegister(ValidationRegister.java:15)&#13;
com.co.shein.questions.ValidationRegister.validationRegister(ValidationRegister.java:15)&#13;
com.co.shein.questions.ValidationRegister.validationRegister(ValidationRegister.java:15)&#13;
com.co.shein.questions.ValidationRegister.validationRegister(ValidationRegister.java:15)&#13;
com.co.shein.questions.ValidationRegister.validationRegister(ValidationRegister.java:15)&#13;
com.co.shein.questions.ValidationRegister.validationRegister(ValidationRegister.java:15)&#13;
com.co.shein.questions.ValidationRegister.validationRegister(ValidationRegister.java:15)&#13;
com.co.shein.questions.ValidationRegister.validationRegister(ValidationRegister.java:15)&#13;
com.co.shein.questions.ValidationRegister.validationRegister(ValidationRegister.java:15)&#13;
com.co.shein.questions.ValidationRegister.validationRegister(ValidationRegister.java:15)&#13;
com.co.shein.questions.ValidationRegister.validationRegister(ValidationRegister.java:15)&#13;
com.co.shein.questions.ValidationRegister.validationRegister(ValidationRegister.java:15)&#13;
com.co.shein.questions.ValidationRegister.validationRegister(ValidationRegister.java:15)&#13;
com.co.shein.questions.ValidationRegister.validationRegister(ValidationRegister.java:15)&#13;
com.co.shein.questions.ValidationRegister.validationRegister(ValidationRegister.java:15)&#13;
com.co.shein.questions.ValidationRegister.validationRegister(ValidationRegister.java:15)&#13;
com.co.shein.questions.ValidationRegister.validationRegister(ValidationRegister.java:15)&#13;
com.co.shein.questions.ValidationRegister.validationRegister(ValidationRegister.java:15)&#13;
com.co.shein.questions.ValidationRegister.validationRegister(ValidationRegister.java:15)&#13;
com.co.shein.questions.ValidationRegister.validationRegister(ValidationRegister.java:15)&#13;
com.co.shein.questions.ValidationRegister.validationRegister(ValidationRegister.java:15)&#13;
com.co.shein.questions.ValidationRegister.validationRegister(ValidationRegister.java:15)&#13;
com.co.shein.questions.ValidationRegister.validationRegister(ValidationRegister.java:15)&#13;
com.co.shein.questions.ValidationRegister.validationRegister(ValidationRegister.java:15)&#13;
com.co.shein.questions.ValidationRegister.validationRegister(ValidationRegister.java:15)&#13;
com.co.shein.questions.ValidationRegister.validationRegister(ValidationRegister.java:15)&#13;
com.co.shein.questions.ValidationRegister.validationRegister(ValidationRegister.java:15)&#13;
com.co.shein.questions.ValidationRegister.validationRegister(ValidationRegister.java:15)&#13;
com.co.shein.questions.ValidationRegister.validationRegister(ValidationRegister.java:15)&#13;
com.co.shein.questions.ValidationRegister.validationRegister(ValidationRegister.java:15)&#13;
com.co.shein.questions.ValidationRegister.validationRegister(ValidationRegister.java:15)&#13;
com.co.shein.questions.ValidationRegister.validationRegister(ValidationRegister.java:15)&#13;
com.co.shein.questions.ValidationRegister.validationRegister(ValidationRegister.java:15)&#13;
com.co.shein.questions.ValidationRegister.validationRegister(ValidationRegister.java:15)&#13;
com.co.shein.questions.ValidationRegister.validationRegister(ValidationRegister.java:15)&#13;
com.co.shein.questions.ValidationRegister.validationRegister(ValidationRegister.java:15)&#13;
com.co.shein.questions.ValidationRegister.validationRegister(ValidationRegister.java:15)&#13;
com.co.shein.questions.ValidationRegister.validationRegister(ValidationRegister.java:15)&#13;
com.co.shein.questions.ValidationRegister.validationRegister(ValidationRegister.java:15)&#13;
com.co.shein.questions.ValidationRegister.validationRegister(ValidationRegister.java:15)&#13;
com.co.shein.questions.ValidationRegister.validationRegister(ValidationRegister.java:15)&#13;
com.co.shein.questions.ValidationRegister.validationRegister(ValidationRegister.java:15)&#13;
com.co.shein.questions.ValidationRegister.validationRegister(ValidationRegister.java:15)&#13;
com.co.shein.questions.ValidationRegister.validationRegister(ValidationRegister.java:15)&#13;
com.co.shein.questions.ValidationRegister.validationRegister(ValidationRegister.java:15)&#13;
com.co.shein.questions.ValidationRegister.validationRegister(ValidationRegister.java:15)&#13;
com.co.shein.questions.ValidationRegister.validationRegister(ValidationRegister.java:15)&#13;
com.co.shein.questions.ValidationRegister.validationRegister(ValidationRegister.java:15)&#13;
com.co.shein.questions.ValidationRegister.validationRegister(ValidationRegister.java:15)&#13;
com.co.shein.questions.ValidationRegister.validationRegister(ValidationRegister.java:15)&#13;
com.co.shein.questions.ValidationRegister.validationRegister(ValidationRegister.java:15)&#13;
com.co.shein.questions.ValidationRegister.validationRegister(ValidationRegister.java:15)&#13;
com.co.shein.questions.ValidationRegister.validationRegister(ValidationRegister.java:15)&#13;
com.co.shein.questions.ValidationRegister.validationRegister(ValidationRegister.java:15)&#13;
com.co.shein.questions.ValidationRegister.validationRegister(ValidationRegister.java:15)&#13;
com.co.shein.questions.ValidationRegister.validationRegister(ValidationRegister.java:15)&#13;
com.co.shein.questions.ValidationRegister.validationRegister(ValidationRegister.java:15)&#13;
com.co.shein.questions.ValidationRegister.validationRegister(ValidationRegister.java:15)&#13;
com.co.shein.questions.ValidationRegister.validationRegister(ValidationRegister.java:15)&#13;
com.co.shein.questions.ValidationRegister.validationRegister(ValidationRegister.java:15)&#13;
com.co.shein.questions.ValidationRegister.validationRegister(ValidationRegister.java:15)&#13;
com.co.shein.questions.ValidationRegister.validationRegister(ValidationRegister.java:15)&#13;
com.co.shein.questions.ValidationRegister.validationRegister(ValidationRegister.java:15)&#13;
com.co.shein.questions.ValidationRegister.validationRegister(ValidationRegister.java:15)&#13;
com.co.shein.questions.ValidationRegister.validationRegister(ValidationRegister.java:15)&#13;
com.co.shein.questions.ValidationRegister.validationRegister(ValidationRegister.java:15)&#13;
com.co.shein.questions.ValidationRegister.validationRegister(ValidationRegister.java:15)&#13;
com.co.shein.questions.ValidationRegister.validationRegister(ValidationRegister.java:15)&#13;
com.co.shein.questions.ValidationRegister.validationRegister(ValidationRegister.java:15)&#13;
com.co.shein.questions.ValidationRegister.validationRegister(ValidationRegister.java:15)&#13;
com.co.shein.questions.ValidationRegister.validationRegister(ValidationRegister.java:15)&#13;
com.co.shein.questions.ValidationRegister.validationRegister(ValidationRegister.java:15)&#13;
com.co.shein.questions.ValidationRegister.validationRegister(ValidationRegister.java:15)&#13;
com.co.shein.questions.ValidationRegister.validationRegister(ValidationRegister.java:15)&#13;
com.co.shein.questions.ValidationRegister.validationRegister(ValidationRegister.java:15)&#13;
com.co.shein.questions.ValidationRegister.validationRegister(ValidationRegister.java:15)&#13;
com.co.shein.questions.ValidationRegister.validationRegister(ValidationRegister.java:15)&#13;
com.co.shein.questions.ValidationRegister.validationRegister(ValidationRegister.java:15)&#13;
com.co.shein.questions.ValidationRegister.validationRegister(ValidationRegister.java:15)&#13;
com.co.shein.questions.ValidationRegister.validationRegister(ValidationRegister.java:15)&#13;
com.co.shein.questions.ValidationRegister.validationRegister(ValidationRegister.java:15)&#13;
com.co.shein.questions.ValidationRegister.validationRegister(ValidationRegister.java:15)&#13;
com.co.shein.questions.ValidationRegister.validationRegister(ValidationRegister.java:15)&#13;
com.co.shein.questions.ValidationRegister.validationRegister(ValidationRegister.java:15)&#13;
com.co.shein.questions.ValidationRegister.validationRegister(ValidationRegister.java:15)&#13;
com.co.shein.questions.ValidationRegister.validationRegister(ValidationRegister.java:15)&#13;
com.co.shein.questions.ValidationRegister.validationRegister(ValidationRegister.java:15)&#13;
com.co.shein.questions.ValidationRegister.validationRegister(ValidationRegister.java:15)&#13;
com.co.shein.questions.ValidationRegister.validationRegister(ValidationRegister.java:15)&#13;
com.co.shein.questions.ValidationRegister.validationRegister(ValidationRegister.java:15)&#13;
com.co.shein.questions.ValidationRegister.validationRegister(ValidationRegister.java:15)&#13;
com.co.shein.questions.ValidationRegister.validationRegister(ValidationRegister.java:15)&#13;
com.co.shein.questions.ValidationRegister.validationRegister(ValidationRegister.java:15)&#13;
com.co.shein.questions.ValidationRegister.validationRegister(ValidationRegister.java:15)&#13;
com.co.shein.questions.ValidationRegister.validationRegister(ValidationRegister.java:15)&#13;
com.co.shein.questions.ValidationRegister.validationRegister(ValidationRegister.java:15)&#13;
com.co.shein.questions.ValidationRegister.validationRegister(ValidationRegister.java:15)&#13;
com.co.shein.questions.ValidationRegister.validationRegister(ValidationRegister.java:15)&#13;
com.co.shein.questions.ValidationRegister.validationRegister(ValidationRegister.java:15)&#13;
com.co.shein.questions.ValidationRegister.validationRegister(ValidationRegister.java:15)&#13;
com.co.shein.questions.ValidationRegister.validationRegister(ValidationRegister.java:15)&#13;
com.co.shein.questions.ValidationRegister.validationRegister(ValidationRegister.java:15)&#13;
com.co.shein.questions.ValidationRegister.validationRegister(ValidationRegister.java:15)&#13;
com.co.shein.questions.ValidationRegister.validationRegister(ValidationRegister.java:15)&#13;
com.co.shein.questions.ValidationRegister.validationRegister(ValidationRegister.java:15)&#13;
com.co.shein.questions.ValidationRegister.validationRegister(ValidationRegister.java:15)&#13;
com.co.shein.questions.ValidationRegister.validationRegister(ValidationRegister.java:15)&#13;
com.co.shein.questions.ValidationRegister.validationRegister(ValidationRegister.java:15)&#13;
com.co.shein.questions.ValidationRegister.validationRegister(ValidationRegister.java:15)&#13;
com.co.shein.questions.ValidationRegister.validationRegister(ValidationRegister.java:15)&#13;
com.co.shein.questions.ValidationRegister.validationRegister(ValidationRegister.java:15)&#13;
com.co.shein.questions.ValidationRegister.validationRegister(ValidationRegister.java:15)&#13;
com.co.shein.questions.ValidationRegister.validationRegister(ValidationRegister.java:15)&#13;
com.co.shein.questions.ValidationRegister.validationRegister(ValidationRegister.java:15)&#13;
com.co.shein.questions.ValidationRegister.validationRegister(ValidationRegister.java:15)&#13;
com.co.shein.questions.ValidationRegister.validationRegister(ValidationRegister.java:15)&#13;
com.co.shein.questions.ValidationRegister.validationRegister(ValidationRegister.java:15)&#13;
com.co.shein.questions.ValidationRegister.validationRegister(ValidationRegister.java:15)&#13;
com.co.shein.questions.ValidationRegister.validationRegister(ValidationRegister.java:15)&#13;
com.co.shein.questions.ValidationRegister.validationRegister(ValidationRegister.java:15)&#13;
com.co.shein.questions.ValidationRegister.validationRegister(ValidationRegister.java:15)&#13;
com.co.shein.questions.ValidationRegister.validationRegister(ValidationRegister.java:15)&#13;
com.co.shein.questions.ValidationRegister.validationRegister(ValidationRegister.java:15)&#13;
com.co.shein.questions.ValidationRegister.validationRegister(ValidationRegister.java:15)&#13;
com.co.shein.questions.ValidationRegister.validationRegister(ValidationRegister.java:15)&#13;
com.co.shein.questions.ValidationRegister.validationRegister(ValidationRegister.java:15)&#13;
com.co.shein.questions.ValidationRegister.validationRegister(ValidationRegister.java:15)&#13;
com.co.shein.questions.ValidationRegister.validationRegister(ValidationRegister.java:15)&#13;
com.co.shein.questions.ValidationRegister.validationRegister(ValidationRegister.java:15)&#13;
com.co.shein.questions.ValidationRegister.validationRegister(ValidationRegister.java:15)&#13;
com.co.shein.questions.ValidationRegister.validationRegister(ValidationRegister.java:15)&#13;
com.co.shein.questions.ValidationRegister.validationRegister(ValidationRegister.java:15)&#13;
com.co.shein.questions.ValidationRegister.validationRegister(ValidationRegister.java:15)&#13;
com.co.shein.questions.ValidationRegister.validationRegister(ValidationRegister.java:15)&#13;
com.co.shein.questions.ValidationRegister.validationRegister(ValidationRegister.java:15)&#13;
com.co.shein.questions.ValidationRegister.validationRegister(ValidationRegister.java:15)&#13;
com.co.shein.questions.ValidationRegister.validationRegister(ValidationRegister.java:15)&#13;
com.co.shein.questions.ValidationRegister.validationRegister(ValidationRegister.java:15)&#13;
com.co.shein.questions.ValidationRegister.validationRegister(ValidationRegister.java:15)&#13;
com.co.shein.questions.ValidationRegister.validationRegister(ValidationRegister.java:15)&#13;
com.co.shein.questions.ValidationRegister.validationRegister(ValidationRegister.java:15)&#13;
com.co.shein.questions.ValidationRegister.validationRegister(ValidationRegister.java:15)&#13;
com.co.shein.questions.ValidationRegister.validationRegister(ValidationRegister.java:15)&#13;
com.co.shein.questions.ValidationRegister.validationRegister(ValidationRegister.java:15)&#13;
com.co.shein.questions.ValidationRegister.validationRegister(ValidationRegister.java:15)&#13;
com.co.shein.questions.ValidationRegister.validationRegister(ValidationRegister.java:15)&#13;
com.co.shein.questions.ValidationRegister.validationRegister(ValidationRegister.java:15)&#13;
com.co.shein.questions.ValidationRegister.validationRegister(ValidationRegister.java:15)&#13;
com.co.shein.questions.ValidationRegister.validationRegister(ValidationRegister.java:15)&#13;
com.co.shein.questions.ValidationRegister.validationRegister(ValidationRegister.java:15)&#13;
com.co.shein.questions.ValidationRegister.validationRegister(ValidationRegister.java:15)&#13;
com.co.shein.questions.ValidationRegister.validationRegister(ValidationRegister.java:15)&#13;
com.co.shein.questions.ValidationRegister.validationRegister(ValidationRegister.java:15)&#13;
com.co.shein.questions.ValidationRegister.validationRegister(ValidationRegister.java:15)&#13;
com.co.shein.questions.ValidationRegister.validationRegister(ValidationRegister.java:15)&#13;
com.co.shein.questions.ValidationRegister.validationRegister(ValidationRegister.java:15)&#13;
com.co.shein.questions.ValidationRegister.validationRegister(ValidationRegister.java:15)&#13;
com.co.shein.questions.ValidationRegister.validationRegister(ValidationRegister.java:15)&#13;
com.co.shein.questions.ValidationRegister.validationRegister(ValidationRegister.java:15)&#13;
com.co.shein.questions.ValidationRegister.validationRegister(ValidationRegister.java:15)&#13;
com.co.shein.questions.ValidationRegister.validationRegister(ValidationRegister.java:15)&#13;
com.co.shein.questions.ValidationRegister.validationRegister(ValidationRegister.java:15)&#13;
com.co.shein.questions.ValidationRegister.validationRegister(ValidationRegister.java:15)&#13;
com.co.shein.questions.ValidationRegister.validationRegister(ValidationRegister.java:15)&#13;
com.co.shein.questions.ValidationRegister.validationRegister(ValidationRegister.java:15)&#13;
com.co.shein.questions.ValidationRegister.validationRegister(ValidationRegister.java:15)&#13;
com.co.shein.questions.ValidationRegister.validationRegister(ValidationRegister.java:15)&#13;
com.co.shein.questions.ValidationRegister.validationRegister(ValidationRegister.java:15)&#13;
com.co.shein.questions.ValidationRegister.validationRegister(ValidationRegister.java:15)&#13;
com.co.shein.questions.ValidationRegister.validationRegister(ValidationRegister.java:15)&#13;
com.co.shein.questions.ValidationRegister.validationRegister(ValidationRegister.java:15)&#13;
com.co.shein.questions.ValidationRegister.validationRegister(ValidationRegister.java:15)&#13;
com.co.shein.questions.ValidationRegister.validationRegister(ValidationRegister.java:15)&#13;
com.co.shein.questions.ValidationRegister.validationRegister(ValidationRegister.java:15)&#13;
com.co.shein.questions.ValidationRegister.validationRegister(ValidationRegister.java:15)&#13;
com.co.shein.questions.ValidationRegister.validationRegister(ValidationRegister.java:15)&#13;
com.co.shein.questions.ValidationRegister.validationRegister(ValidationRegister.java:15)&#13;
com.co.shein.questions.ValidationRegister.validationRegister(ValidationRegister.java:15)&#13;
com.co.shein.questions.ValidationRegister.validationRegister(ValidationRegister.java:15)&#13;
com.co.shein.questions.ValidationRegister.validationRegister(ValidationRegister.java:15)&#13;
com.co.shein.questions.ValidationRegister.validationRegister(ValidationRegister.java:15)&#13;
com.co.shein.questions.ValidationRegister.validationRegister(ValidationRegister.java:15)&#13;
com.co.shein.questions.ValidationRegister.validationRegister(ValidationRegister.java:15)&#13;
com.co.shein.questions.ValidationRegister.validationRegister(ValidationRegister.java:15)&#13;
com.co.shein.questions.ValidationRegister.validationRegister(ValidationRegister.java:15)&#13;
com.co.shein.questions.ValidationRegister.validationRegister(ValidationRegister.java:15)&#13;
com.co.shein.questions.ValidationRegister.validationRegister(ValidationRegister.java:15)&#13;
com.co.shein.questions.ValidationRegister.validationRegister(ValidationRegister.java:15)&#13;
com.co.shein.questions.ValidationRegister.validationRegister(ValidationRegister.java:15)&#13;
com.co.shein.questions.ValidationRegister.validationRegister(ValidationRegister.java:15)&#13;
com.co.shein.questions.ValidationRegister.validationRegister(ValidationRegister.java:15)&#13;
com.co.shein.questions.ValidationRegister.validationRegister(ValidationRegister.java:15)&#13;
com.co.shein.questions.ValidationRegister.validationRegister(ValidationRegister.java:15)&#13;
com.co.shein.questions.ValidationRegister.validationRegister(ValidationRegister.java:15)&#13;
com.co.shein.questions.ValidationRegister.validationRegister(ValidationRegister.java:15)&#13;
com.co.shein.questions.ValidationRegister.validationRegister(ValidationRegister.java:15)&#13;
com.co.shein.questions.ValidationRegister.validationRegister(ValidationRegister.java:15)&#13;
com.co.shein.questions.ValidationRegister.validationRegister(ValidationRegister.java:15)&#13;
com.co.shein.questions.ValidationRegister.validationRegister(ValidationRegister.java:15)&#13;
com.co.shein.questions.ValidationRegister.validationRegister(ValidationRegister.java:15)&#13;
com.co.shein.questions.ValidationRegister.validationRegister(ValidationRegister.java:15)&#13;
com.co.shein.questions.ValidationRegister.validationRegister(ValidationRegister.java:15)&#13;
com.co.shein.questions.ValidationRegister.validationRegister(ValidationRegister.java:15)&#13;
com.co.shein.questions.ValidationRegister.validationRegister(ValidationRegister.java:15)&#13;
com.co.shein.questions.ValidationRegister.validationRegister(ValidationRegister.java:15)&#13;
com.co.shein.questions.ValidationRegister.validationRegister(ValidationRegister.java:15)&#13;
com.co.shein.questions.ValidationRegister.validationRegister(ValidationRegister.java:15)&#13;
com.co.shein.questions.ValidationRegister.validationRegister(ValidationRegister.java:15)&#13;
com.co.shein.questions.ValidationRegister.validationRegister(ValidationRegister.java:15)&#13;
com.co.shein.questions.ValidationRegister.validationRegister(ValidationRegister.java:15)&#13;
com.co.shein.questions.ValidationRegister.validationRegister(ValidationRegister.java:15)&#13;
com.co.shein.questions.ValidationRegister.validationRegister(ValidationRegister.java:15)&#13;
com.co.shein.questions.ValidationRegister.validationRegister(ValidationRegister.java:15)&#13;
com.co.shein.questions.ValidationRegister.validationRegister(ValidationRegister.java:15)&#13;
com.co.shein.questions.ValidationRegister.validationRegister(ValidationRegister.java:15)&#13;
com.co.shein.questions.ValidationRegister.validationRegister(ValidationRegister.java:15)&#13;
com.co.shein.questions.ValidationRegister.validationRegister(ValidationRegister.java:15)&#13;
com.co.shein.questions.ValidationRegister.validationRegister(ValidationRegister.java:15)&#13;
com.co.shein.questions.ValidationRegister.validationRegister(ValidationRegister.java:15)&#13;
com.co.shein.questions.ValidationRegister.validationRegister(ValidationRegister.java:15)&#13;
com.co.shein.questions.ValidationRegister.validationRegister(ValidationRegister.java:15)&#13;
com.co.shein.questions.ValidationRegister.validationRegister(ValidationRegister.java:15)&#13;
com.co.shein.questions.ValidationRegister.validationRegister(ValidationRegister.java:15)&#13;
com.co.shein.questions.ValidationRegister.validationRegister(ValidationRegister.java:15)&#13;
com.co.shein.questions.ValidationRegister.validationRegister(ValidationRegister.java:15)&#13;
com.co.shein.questions.ValidationRegister.validationRegister(ValidationRegister.java:15)&#13;
com.co.shein.questions.ValidationRegister.validationRegister(ValidationRegister.java:15)&#13;
com.co.shein.questions.ValidationRegister.validationRegister(ValidationRegister.java:15)&#13;
com.co.shein.questions.ValidationRegister.validationRegister(ValidationRegister.java:15)&#13;
com.co.shein.questions.ValidationRegister.validationRegister(ValidationRegister.java:15)&#13;
com.co.shein.questions.ValidationRegister.validationRegister(ValidationRegister.java:15)&#13;
com.co.shein.questions.ValidationRegister.validationRegister(ValidationRegister.java:15)&#13;
com.co.shein.questions.ValidationRegister.validationRegister(ValidationRegister.java:15)&#13;
com.co.shein.questions.ValidationRegister.validationRegister(ValidationRegister.java:15)&#13;
com.co.shein.questions.ValidationRegister.validationRegister(ValidationRegister.java:15)&#13;
com.co.shein.questions.ValidationRegister.validationRegister(ValidationRegister.java:15)&#13;
com.co.shein.questions.ValidationRegister.validationRegister(ValidationRegister.java:15)&#13;
com.co.shein.questions.ValidationRegister.validationRegister(ValidationRegister.java:15)&#13;
com.co.shein.questions.ValidationRegister.validationRegister(ValidationRegister.java:15)&#13;
com.co.shein.questions.ValidationRegister.validationRegister(ValidationRegister.java:15)&#13;
com.co.shein.questions.ValidationRegister.validationRegister(ValidationRegister.java:15)&#13;
com.co.shein.questions.ValidationRegister.validationRegister(ValidationRegister.java:15)&#13;
com.co.shein.questions.ValidationRegister.validationRegister(ValidationRegister.java:15)&#13;
com.co.shein.questions.ValidationRegister.validationRegister(ValidationRegister.java:15)&#13;
com.co.shein.questions.ValidationRegister.validationRegister(ValidationRegister.java:15)&#13;
com.co.shein.questions.ValidationRegister.validationRegister(ValidationRegister.java:15)&#13;
com.co.shein.questions.ValidationRegister.validationRegister(ValidationRegister.java:15)&#13;
com.co.shein.questions.ValidationRegister.validationRegister(ValidationRegister.java:15)&#13;
com.co.shein.questions.ValidationRegister.validationRegister(ValidationRegister.java:15)&#13;
com.co.shein.questions.ValidationRegister.validationRegister(ValidationRegister.java:15)&#13;
com.co.shein.questions.ValidationRegister.validationRegister(ValidationRegister.java:15)&#13;
com.co.shein.questions.ValidationRegister.validationRegister(ValidationRegister.java:15)&#13;
com.co.shein.questions.ValidationRegister.validationRegister(ValidationRegister.java:15)&#13;
com.co.shein.questions.ValidationRegister.validationRegister(ValidationRegister.java:15)&#13;
com.co.shein.questions.ValidationRegister.validationRegister(ValidationRegister.java:15)&#13;
com.co.shein.questions.ValidationRegister.validationRegister(ValidationRegister.java:15)&#13;
com.co.shein.questions.ValidationRegister.validationRegister(ValidationRegister.java:15)&#13;
com.co.shein.questions.ValidationRegister.validationRegister(ValidationRegister.java:15)&#13;
com.co.shein.questions.ValidationRegister.validationRegister(ValidationRegister.java:15)&#13;
com.co.shein.questions.ValidationRegister.validationRegister(ValidationRegister.java:15)&#13;
com.co.shein.questions.ValidationRegister.validationRegister(ValidationRegister.java:15)&#13;
com.co.shein.questions.ValidationRegister.validationRegister(ValidationRegister.java:15)&#13;
com.co.shein.questions.ValidationRegister.validationRegister(ValidationRegister.java:15)&#13;
com.co.shein.questions.ValidationRegister.validationRegister(ValidationRegister.java:15)&#13;
com.co.shein.questions.ValidationRegister.validationRegister(ValidationRegister.java:15)&#13;
com.co.shein.questions.ValidationRegister.validationRegister(ValidationRegister.java:15)&#13;
com.co.shein.questions.ValidationRegister.validationRegister(ValidationRegister.java:15)&#13;
com.co.shein.questions.ValidationRegister.validationRegister(ValidationRegister.java:15)&#13;
com.co.shein.questions.ValidationRegister.validationRegister(ValidationRegister.java:15)&#13;
com.co.shein.questions.ValidationRegister.validationRegister(ValidationRegister.java:15)&#13;
com.co.shein.questions.ValidationRegister.validationRegister(ValidationRegister.java:15)&#13;
com.co.shein.questions.ValidationRegister.validationRegister(ValidationRegister.java:15)&#13;
com.co.shein.questions.ValidationRegister.validationRegister(ValidationRegister.java:15)&#13;
com.co.shein.questions.ValidationRegister.validationRegister(ValidationRegister.java:15)&#13;
com.co.shein.questions.ValidationRegister.validationRegister(ValidationRegister.java:15)&#13;
com.co.shein.questions.ValidationRegister.validationRegister(ValidationRegister.java:15)&#13;
com.co.shein.questions.ValidationRegister.validationRegister(ValidationRegister.java:15)&#13;
com.co.shein.questions.ValidationRegister.validationRegister(ValidationRegister.java:15)&#13;
com.co.shein.questions.ValidationRegister.validationRegister(ValidationRegister.java:15)&#13;
com.co.shein.questions.ValidationRegister.validationRegister(ValidationRegister.java:15)&#13;
com.co.shein.questions.ValidationRegister.validationRegister(ValidationRegister.java:15)&#13;
com.co.shein.questions.ValidationRegister.validationRegister(ValidationRegister.java:15)&#13;
com.co.shein.questions.ValidationRegister.validationRegister(ValidationRegister.java:15)&#13;
com.co.shein.questions.ValidationRegister.validationRegister(ValidationRegister.java:15)&#13;
com.co.shein.questions.ValidationRegister.validationRegister(ValidationRegister.java:15)&#13;
com.co.shein.questions.ValidationRegister.validationRegister(ValidationRegister.java:15)&#13;
com.co.shein.questions.ValidationRegister.validationRegister(ValidationRegister.java:15)&#13;
com.co.shein.questions.ValidationRegister.validationRegister(ValidationRegister.java:15)&#13;
com.co.shein.questions.ValidationRegister.validationRegister(ValidationRegister.java:15)&#13;
com.co.shein.questions.ValidationRegister.validationRegister(ValidationRegister.java:15)&#13;
com.co.shein.questions.ValidationRegister.validationRegister(ValidationRegister.java:15)&#13;
com.co.shein.questions.ValidationRegister.validationRegister(ValidationRegister.java:15)&#13;
com.co.shein.questions.ValidationRegister.validationRegister(ValidationRegister.java:15)&#13;
com.co.shein.questions.ValidationRegister.validationRegister(ValidationRegister.java:15)&#13;
com.co.shein.questions.ValidationRegister.validationRegister(ValidationRegister.java:15)&#13;
com.co.shein.questions.ValidationRegister.validationRegister(ValidationRegister.java:15)&#13;
com.co.shein.questions.ValidationRegister.validationRegister(ValidationRegister.java:15)&#13;
com.co.shein.questions.ValidationRegister.validationRegister(ValidationRegister.java:15)&#13;
com.co.shein.questions.ValidationRegister.validationRegister(ValidationRegister.java:15)&#13;
com.co.shein.questions.ValidationRegister.validationRegister(ValidationRegister.java:15)&#13;
com.co.shein.questions.ValidationRegister.validationRegister(ValidationRegister.java:15)&#13;
com.co.shein.questions.ValidationRegister.validationRegister(ValidationRegister.java:15)&#13;
com.co.shein.questions.ValidationRegister.validationRegister(ValidationRegister.java:15)&#13;
com.co.shein.questions.ValidationRegister.validationRegister(ValidationRegister.java:15)&#13;
com.co.shein.questions.ValidationRegister.validationRegister(ValidationRegister.java:15)&#13;
com.co.shein.questions.ValidationRegister.validationRegister(ValidationRegister.java:15)&#13;
com.co.shein.questions.ValidationRegister.validationRegister(ValidationRegister.java:15)&#13;
com.co.shein.questions.ValidationRegister.validationRegister(ValidationRegister.java:15)&#13;
com.co.shein.questions.ValidationRegister.validationRegister(ValidationRegister.java:15)&#13;
com.co.shein.questions.ValidationRegister.validationRegister(ValidationRegister.java:15)&#13;
com.co.shein.questions.ValidationRegister.validationRegister(ValidationRegister.java:15)&#13;
com.co.shein.questions.ValidationRegister.validationRegister(ValidationRegister.java:15)&#13;
com.co.shein.questions.ValidationRegister.validationRegister(ValidationRegister.java:15)&#13;
com.co.shein.questions.ValidationRegister.validationRegister(ValidationRegister.java:15)&#13;
com.co.shein.questions.ValidationRegister.validationRegister(ValidationRegister.java:15)&#13;
com.co.shein.questions.ValidationRegister.validationRegister(ValidationRegister.java:15)&#13;
com.co.shein.questions.ValidationRegister.validationRegister(ValidationRegister.java:15)&#13;
com.co.shein.questions.ValidationRegister.validationRegister(ValidationRegister.java:15)&#13;
com.co.shein.questions.ValidationRegister.validationRegister(ValidationRegister.java:15)&#13;
com.co.shein.questions.ValidationRegister.validationRegister(ValidationRegister.java:15)&#13;
com.co.shein.questions.ValidationRegister.validationRegister(ValidationRegister.java:15)&#13;
com.co.shein.questions.ValidationRegister.validationRegister(ValidationRegister.java:15)&#13;
com.co.shein.questions.ValidationRegister.validationRegister(ValidationRegister.java:15)&#13;
com.co.shein.questions.ValidationRegister.validationRegister(ValidationRegister.java:15)&#13;
com.co.shein.questions.ValidationRegister.validationRegister(ValidationRegister.java:15)&#13;
com.co.shein.questions.ValidationRegister.validationRegister(ValidationRegister.java:15)&#13;
com.co.shein.questions.ValidationRegister.validationRegister(ValidationRegister.java:15)&#13;
com.co.shein.questions.ValidationRegister.validationRegister(ValidationRegister.java:15)&#13;
com.co.shein.questions.ValidationRegister.validationRegister(ValidationRegister.java:15)&#13;
com.co.shein.questions.ValidationRegister.validationRegister(ValidationRegister.java:15)&#13;
com.co.shein.questions.ValidationRegister.validationRegister(ValidationRegister.java:15)&#13;
com.co.shein.questions.ValidationRegister.validationRegister(ValidationRegister.java:15)&#13;
com.co.shein.questions.ValidationRegister.validationRegister(ValidationRegister.java:15)&#13;
com.co.shein.questions.ValidationRegister.validationRegister(ValidationRegister.java:15)&#13;
com.co.shein.questions.ValidationRegister.validationRegister(ValidationRegister.java:15)&#13;
com.co.shein.questions.ValidationRegister.validationRegister(ValidationRegister.java:15)&#13;
com.co.shein.questions.ValidationRegister.validationRegister(ValidationRegister.java:15)&#13;
com.co.shein.questions.ValidationRegister.validationRegister(ValidationRegister.java:15)&#13;
com.co.shein.questions.ValidationRegister.validationRegister(ValidationRegister.java:15)&#13;
com.co.shein.questions.ValidationRegister.validationRegister(ValidationRegister.java:15)&#13;
com.co.shein.questions.ValidationRegister.validationRegister(ValidationRegister.java:15)&#13;
com.co.shein.questions.ValidationRegister.validationRegister(ValidationRegister.java:15)&#13;
com.co.shein.questions.ValidationRegister.validationRegister(ValidationRegister.java:15)&#13;
com.co.shein.questions.ValidationRegister.validationRegister(ValidationRegister.java:15)&#13;
com.co.shein.questions.ValidationRegister.validationRegister(ValidationRegister.java:15)&#13;
com.co.shein.questions.ValidationRegister.validationRegister(ValidationRegister.java:15)&#13;
com.co.shein.questions.ValidationRegister.validationRegister(ValidationRegister.java:15)&#13;
com.co.shein.questions.ValidationRegister.validationRegister(ValidationRegister.java:15)&#13;
com.co.shein.questions.ValidationRegister.validationRegister(ValidationRegister.java:15)&#13;
com.co.shein.questions.ValidationRegister.validationRegister(ValidationRegister.java:15)&#13;
com.co.shein.questions.ValidationRegister.validationRegister(ValidationRegister.java:15)&#13;
com.co.shein.questions.ValidationRegister.validationRegister(ValidationRegister.java:15)&#13;
com.co.shein.questions.ValidationRegister.validationRegister(ValidationRegister.java:15)&#13;
com.co.shein.questions.ValidationRegister.validationRegister(ValidationRegister.java:15)&#13;
com.co.shein.questions.ValidationRegister.validationRegister(ValidationRegister.java:15)&#13;
com.co.shein.questions.ValidationRegister.validationRegister(ValidationRegister.java:15)&#13;
com.co.shein.questions.ValidationRegister.validationRegister(ValidationRegister.java:15)&#13;
com.co.shein.questions.ValidationRegister.validationRegister(ValidationRegister.java:15)&#13;
com.co.shein.questions.ValidationRegister.validationRegister(ValidationRegister.java:15)&#13;
com.co.shein.questions.ValidationRegister.validationRegister(ValidationRegister.java:15)&#13;
com.co.shein.questions.ValidationRegister.validationRegister(ValidationRegister.java:15)&#13;
com.co.shein.questions.ValidationRegister.validationRegister(ValidationRegister.java:15)&#13;
com.co.shein.questions.ValidationRegister.validationRegister(ValidationRegister.java:15)&#13;
com.co.shein.questions.ValidationRegister.validationRegister(ValidationRegister.java:15)&#13;
com.co.shein.questions.ValidationRegister.validationRegister(ValidationRegister.java:15)&#13;
com.co.shein.questions.ValidationRegister.validationRegister(ValidationRegister.java:15)&#13;
com.co.shein.questions.ValidationRegister.validationRegister(ValidationRegister.java:15)&#13;
com.co.shein.questions.ValidationRegister.validationRegister(ValidationRegister.java:15)&#13;
com.co.shein.questions.ValidationRegister.validationRegister(ValidationRegister.java:15)&#13;
com.co.shein.questions.ValidationRegister.validationRegister(ValidationRegister.java:15)&#13;
com.co.shein.questions.ValidationRegister.validationRegister(ValidationRegister.java:15)&#13;
com.co.shein.questions.ValidationRegister.validationRegister(ValidationRegister.java:15)&#13;
com.co.shein.questions.ValidationRegister.validationRegister(ValidationRegister.java:15)&#13;
com.co.shein.questions.ValidationRegister.validationRegister(ValidationRegister.java:15)&#13;
com.co.shein.questions.ValidationRegister.validationRegister(ValidationRegister.java:15)&#13;
com.co.shein.questions.ValidationRegister.validationRegister(ValidationRegister.java:15)&#13;
com.co.shein.questions.ValidationRegister.validationRegister(ValidationRegister.java:15)&#13;
com.co.shein.questions.ValidationRegister.validationRegister(ValidationRegister.java:15)&#13;
com.co.shein.questions.ValidationRegister.validationRegister(ValidationRegister.java:15)&#13;
com.co.shein.questions.ValidationRegister.validationRegister(ValidationRegister.java:15)&#13;
com.co.shein.questions.ValidationRegister.validationRegister(ValidationRegister.java:15)&#13;
com.co.shein.questions.ValidationRegister.validationRegister(ValidationRegister.java:15)&#13;
com.co.shein.questions.ValidationRegister.validationRegister(ValidationRegister.java:15)&#13;
com.co.shein.questions.ValidationRegister.validationRegister(ValidationRegister.java:15)&#13;
com.co.shein.questions.ValidationRegister.validationRegister(ValidationRegister.java:15)&#13;
com.co.shein.questions.ValidationRegister.validationRegister(ValidationRegister.java:15)&#13;
com.co.shein.questions.ValidationRegister.validationRegister(ValidationRegister.java:15)&#13;
com.co.shein.questions.ValidationRegister.validationRegister(ValidationRegister.java:15)&#13;
com.co.shein.questions.ValidationRegister.validationRegister(ValidationRegister.java:15)&#13;
com.co.shein.questions.ValidationRegister.validationRegister(ValidationRegister.java:15)&#13;
com.co.shein.questions.ValidationRegister.validationRegister(ValidationRegister.java:15)&#13;
com.co.shein.questions.ValidationRegister.validationRegister(ValidationRegister.java:15)&#13;
com.co.shein.questions.ValidationRegister.validationRegister(ValidationRegister.java:15)&#13;
com.co.shein.questions.ValidationRegister.validationRegister(ValidationRegister.java:15)&#13;
com.co.shein.questions.ValidationRegister.validationRegister(ValidationRegister.java:15)&#13;
com.co.shein.questions.ValidationRegister.validationRegister(ValidationRegister.java:15)&#13;
com.co.shein.questions.ValidationRegister.validationRegister(ValidationRegister.java:15)&#13;
com.co.shein.questions.ValidationRegister.validationRegister(ValidationRegister.java:15)&#13;
com.co.shein.questions.ValidationRegister.validationRegister(ValidationRegister.java:15)&#13;
com.co.shein.questions.ValidationRegister.validationRegister(ValidationRegister.java:15)&#13;
com.co.shein.questions.ValidationRegister.validationRegister(ValidationRegister.java:15)&#13;
com.co.shein.questions.ValidationRegister.validationRegister(ValidationRegister.java:15)&#13;
com.co.shein.questions.ValidationRegister.validationRegister(ValidationRegister.java:15)&#13;
com.co.shein.questions.ValidationRegister.validationRegister(ValidationRegister.java:15)&#13;
com.co.shein.questions.ValidationRegister.validationRegister(ValidationRegister.java:15)&#13;
com.co.shein.questions.ValidationRegister.validationRegister(ValidationRegister.java:15)&#13;
com.co.shein.questions.ValidationRegister.validationRegister(ValidationRegister.java:15)&#13;
com.co.shein.questions.ValidationRegister.validationRegister(ValidationRegister.java:15)&#13;
com.co.shein.questions.ValidationRegister.validationRegister(ValidationRegister.java:15)&#13;
com.co.shein.questions.ValidationRegister.validationRegister(ValidationRegister.java:15)&#13;
com.co.shein.questions.ValidationRegister.validationRegister(ValidationRegister.java:15)&#13;
com.co.shein.questions.ValidationRegister.validationRegister(ValidationRegister.java:15)&#13;
com.co.shein.questions.ValidationRegister.validationRegister(ValidationRegister.java:15)&#13;
com.co.shein.questions.ValidationRegister.validationRegister(ValidationRegister.java:15)&#13;
com.co.shein.questions.ValidationRegister.validationRegister(ValidationRegister.java:15)&#13;
com.co.shein.questions.ValidationRegister.validationRegister(ValidationRegister.java:15)&#13;
com.co.shein.questions.ValidationRegister.validationRegister(ValidationRegister.java:15)&#13;
com.co.shein.questions.ValidationRegister.validationRegister(ValidationRegister.java:15)&#13;
com.co.shein.questions.ValidationRegister.validationRegister(ValidationRegister.java:15)&#13;
com.co.shein.questions.ValidationRegister.validationRegister(ValidationRegister.java:15)&#13;
com.co.shein.questions.ValidationRegister.validationRegister(ValidationRegister.java:15)&#13;
com.co.shein.questions.ValidationRegister.validationRegister(ValidationRegister.java:15)&#13;
com.co.shein.questions.ValidationRegister.validationRegister(ValidationRegister.java:15)&#13;
com.co.shein.questions.ValidationRegister.validationRegister(ValidationRegister.java:15)&#13;
com.co.shein.questions.ValidationRegister.validationRegister(ValidationRegister.java:15)&#13;
com.co.shein.questions.ValidationRegister.validationRegister(ValidationRegister.java:15)&#13;
com.co.shein.questions.ValidationRegister.validationRegister(ValidationRegister.java:15)&#13;
com.co.shein.questions.ValidationRegister.validationRegister(ValidationRegister.java:15)&#13;
com.co.shein.questions.ValidationRegister.validationRegister(ValidationRegister.java:15)&#13;
com.co.shein.questions.ValidationRegister.validationRegister(ValidationRegister.java:15)&#13;
com.co.shein.questions.ValidationRegister.validationRegister(ValidationRegister.java:15)&#13;
com.co.shein.questions.ValidationRegister.validationRegister(ValidationRegister.java:15)&#13;
com.co.shein.questions.ValidationRegister.validationRegister(ValidationRegister.java:15)&#13;
com.co.shein.questions.ValidationRegister.validationRegister(ValidationRegister.java:15)&#13;
com.co.shein.questions.ValidationRegister.validationRegister(ValidationRegister.java:15)&#13;
com.co.shein.questions.ValidationRegister.validationRegister(ValidationRegister.java:15)&#13;
com.co.shein.questions.ValidationRegister.validationRegister(ValidationRegister.java:15)&#13;
com.co.shein.questions.ValidationRegister.validationRegister(ValidationRegister.java:15)&#13;
com.co.shein.questions.ValidationRegister.validationRegister(ValidationRegister.java:15)&#13;
com.co.shein.questions.ValidationRegister.validationRegister(ValidationRegister.java:15)&#13;
com.co.shein.questions.ValidationRegister.validationRegister(ValidationRegister.java:15)&#13;
com.co.shein.questions.ValidationRegister.validationRegister(ValidationRegister.java:15)&#13;
com.co.shein.questions.ValidationRegister.validationRegister(ValidationRegister.java:15)&#13;
com.co.shein.questions.ValidationRegister.validationRegister(ValidationRegister.java:15)&#13;
com.co.shein.questions.ValidationRegister.validationRegister(ValidationRegister.java:15)&#13;
com.co.shein.questions.ValidationRegister.validationRegister(ValidationRegister.java:15)&#13;
com.co.shein.questions.ValidationRegister.validationRegister(ValidationRegister.java:15)&#13;
com.co.shein.questions.ValidationRegister.validationRegister(ValidationRegister.java:15)&#13;
com.co.shein.questions.ValidationRegister.validationRegister(ValidationRegister.java:15)&#13;
com.co.shein.questions.ValidationRegister.validationRegister(ValidationRegister.java:15)&#13;
com.co.shein.questions.ValidationRegister.validationRegister(ValidationRegister.java:15)&#13;
com.co.shein.questions.ValidationRegister.validationRegister(ValidationRegister.java:15)&#13;
com.co.shein.questions.ValidationRegister.validationRegister(ValidationRegister.java:15)&#13;
com.co.shein.questions.ValidationRegister.validationRegister(ValidationRegister.java:15)&#13;
com.co.shein.questions.ValidationRegister.validationRegister(ValidationRegister.java:15)&#13;
com.co.shein.questions.ValidationRegister.validationRegister(ValidationRegister.java:15)&#13;
com.co.shein.questions.ValidationRegister.validationRegister(ValidationRegister.java:15)&#13;
com.co.shein.questions.ValidationRegister.validationRegister(ValidationRegister.java:15)&#13;
com.co.shein.questions.ValidationRegister.validationRegister(ValidationRegister.java:15)&#13;
com.co.shein.questions.ValidationRegister.validationRegister(ValidationRegister.java:15)&#13;
com.co.shein.questions.ValidationRegister.validationRegister(ValidationRegister.java:15)&#13;
com.co.shein.questions.ValidationRegister.validationRegister(ValidationRegister.java:15)&#13;
com.co.shein.questions.ValidationRegister.validationRegister(ValidationRegister.java:15)&#13;
com.co.shein.questions.ValidationRegister.validationRegister(ValidationRegister.java:15)&#13;
com.co.shein.questions.ValidationRegister.validationRegister(ValidationRegister.java:15)&#13;
com.co.shein.questions.ValidationRegister.validationRegister(ValidationRegister.java:15)&#13;
com.co.shein.questions.ValidationRegister.validationRegister(ValidationRegister.java:15)&#13;
com.co.shein.questions.ValidationRegister.validationRegister(ValidationRegister.java:15)&#13;
com.co.shein.questions.ValidationRegister.validationRegister(ValidationRegister.java:15)&#13;
com.co.shein.questions.ValidationRegister.validationRegister(ValidationRegister.java:15)&#13;
com.co.shein.questions.ValidationRegister.validationRegister(ValidationRegister.java:15)&#13;
com.co.shein.questions.ValidationRegister.validationRegister(ValidationRegister.java:15)&#13;
com.co.shein.questions.ValidationRegister.validationRegister(ValidationRegister.java:15)&#13;
com.co.shein.questions.ValidationRegister.validationRegister(ValidationRegister.java:15)&#13;
com.co.shein.questions.ValidationRegister.validationRegister(ValidationRegister.java:15)&#13;
com.co.shein.questions.ValidationRegister.validationRegister(ValidationRegister.java:15)&#13;
com.co.shein.questions.ValidationRegister.validationRegister(ValidationRegister.java:15)&#13;
com.co.shein.questions.ValidationRegister.validationRegister(ValidationRegister.java:15)&#13;
com.co.shein.questions.ValidationRegister.validationRegister(ValidationRegister.java:15)&#13;
com.co.shein.questions.ValidationRegister.validationRegister(ValidationRegister.java:15)&#13;
com.co.shein.questions.ValidationRegister.validationRegister(ValidationRegister.java:15)&#13;
com.co.shein.questions.ValidationRegister.validationRegister(ValidationRegister.java:15)&#13;
com.co.shein.questions.ValidationRegister.validationRegister(ValidationRegister.java:15)&#13;
com.co.shein.questions.ValidationRegister.validationRegister(ValidationRegister.java:15)&#13;
com.co.shein.questions.ValidationRegister.validationRegister(ValidationRegister.java:15)&#13;
com.co.shein.questions.ValidationRegister.validationRegister(ValidationRegister.java:15)&#13;
com.co.shein.questions.ValidationRegister.validationRegister(ValidationRegister.java:15)&#13;
com.co.shein.questions.ValidationRegister.validationRegister(ValidationRegister.java:15)&#13;
com.co.shein.questions.ValidationRegister.validationRegister(ValidationRegister.java:15)&#13;
com.co.shein.questions.ValidationRegister.validationRegister(ValidationRegister.java:15)&#13;
com.co.shein.questions.ValidationRegister.validationRegister(ValidationRegister.java:15)&#13;
com.co.shein.questions.ValidationRegister.validationRegister(ValidationRegister.java:15)&#13;
com.co.shein.questions.ValidationRegister.validationRegister(ValidationRegister.java:15)&#13;
com.co.shein.questions.ValidationRegister.validationRegister(ValidationRegister.java:15)&#13;
com.co.shein.questions.ValidationRegister.validationRegister(ValidationRegister.java:15)&#13;
com.co.shein.questions.ValidationRegister.validationRegister(ValidationRegister.java:15)&#13;
com.co.shein.questions.ValidationRegister.validationRegister(ValidationRegister.java:15)&#13;
com.co.shein.questions.ValidationRegister.validationRegister(ValidationRegister.java:15)&#13;
com.co.shein.questions.ValidationRegister.validationRegister(ValidationRegister.java:15)&#13;
com.co.shein.questions.ValidationRegister.validationRegister(ValidationRegister.java:15)&#13;
com.co.shein.questions.ValidationRegister.validationRegister(ValidationRegister.java:15)&#13;
com.co.shein.questions.ValidationRegister.validationRegister(ValidationRegister.java:15)&#13;
com.co.shein.questions.ValidationRegister.validationRegister(ValidationRegister.java:15)&#13;
com.co.shein.questions.ValidationRegister.validationRegister(ValidationRegister.java:15)&#13;
com.co.shein.questions.ValidationRegister.validationRegister(ValidationRegister.java:15)&#13;
com.co.shein.questions.ValidationRegister.validationRegister(ValidationRegister.java:15)&#13;
com.co.shein.questions.ValidationRegister.validationRegister(ValidationRegister.java:15)&#13;
com.co.shein.questions.ValidationRegister.validationRegister(ValidationRegister.java:15)&#13;
com.co.shein.questions.ValidationRegister.validationRegister(ValidationRegister.java:15)&#13;
com.co.shein.questions.ValidationRegister.validationRegister(ValidationRegister.java:15)&#13;
com.co.shein.questions.ValidationRegister.validationRegister(ValidationRegister.java:15)&#13;
com.co.shein.questions.ValidationRegister.validationRegister(ValidationRegister.java:15)&#13;
com.co.shein.questions.ValidationRegister.validationRegister(ValidationRegister.java:15)&#13;
com.co.shein.questions.ValidationRegister.validationRegister(ValidationRegister.java:15)&#13;
com.co.shein.questions.ValidationRegister.validationRegister(ValidationRegister.java:15)&#13;
com.co.shein.questions.ValidationRegister.validationRegister(ValidationRegister.java:15)&#13;
com.co.shein.questions.ValidationRegister.validationRegister(ValidationRegister.java:15)&#13;
com.co.shein.questions.ValidationRegister.validationRegister(ValidationRegister.java:15)&#13;
com.co.shein.questions.ValidationRegister.validationRegister(ValidationRegister.java:15)&#13;
com.co.shein.questions.ValidationRegister.validationRegister(ValidationRegister.java:15)&#13;
com.co.shein.questions.ValidationRegister.validationRegister(ValidationRegister.java:15)&#13;
com.co.shein.questions.ValidationRegister.validationRegister(ValidationRegister.java:15)&#13;
com.co.shein.questions.ValidationRegister.validationRegister(ValidationRegister.java:15)&#13;
com.co.shein.questions.ValidationRegister.validationRegister(ValidationRegister.java:15)&#13;
com.co.shein.questions.ValidationRegister.validationRegister(ValidationRegister.java:15)&#13;
com.co.shein.questions.ValidationRegister.validationRegister(ValidationRegister.java:15)&#13;
com.co.shein.questions.ValidationRegister.validationRegister(ValidationRegister.java:15)&#13;
com.co.shein.questions.ValidationRegister.validationRegister(ValidationRegister.java:15)&#13;
com.co.shein.questions.ValidationRegister.validationRegister(ValidationRegister.java:15)&#13;
com.co.shein.questions.ValidationRegister.validationRegister(ValidationRegister.java:15)&#13;
com.co.shein.questions.ValidationRegister.validationRegister(ValidationRegister.java:15)&#13;
com.co.shein.questions.ValidationRegister.validationRegister(ValidationRegister.java:15)&#13;
com.co.shein.questions.ValidationRegister.validationRegister(ValidationRegister.java:15)&#13;
com.co.shein.questions.ValidationRegister.validationRegister(ValidationRegister.java:15)&#13;
com.co.shein.questions.ValidationRegister.validationRegister(ValidationRegister.java:15)&#13;
com.co.shein.questions.ValidationRegister.validationRegister(ValidationRegister.java:15)&#13;
com.co.shein.questions.ValidationRegister.validationRegister(ValidationRegister.java:15)&#13;
com.co.shein.questions.ValidationRegister.validationRegister(ValidationRegister.java:15)&#13;
com.co.shein.questions.ValidationRegister.validationRegister(ValidationRegister.java:15)&#13;
com.co.shein.questions.ValidationRegister.validationRegister(ValidationRegister.java:15)&#13;
com.co.shein.questions.ValidationRegister.validationRegister(ValidationRegister.java:15)&#13;
com.co.shein.questions.ValidationRegister.validationRegister(ValidationRegister.java:15)&#13;
com.co.shein.questions.ValidationRegister.validationRegister(ValidationRegister.java:15)&#13;
com.co.shein.questions.ValidationRegister.validationRegister(ValidationRegister.java:15)&#13;
com.co.shein.questions.ValidationRegister.validationRegister(ValidationRegister.java:15)&#13;
com.co.shein.questions.ValidationRegister.validationRegister(ValidationRegister.java:15)&#13;
com.co.shein.questions.ValidationRegister.validationRegister(ValidationRegister.java:15)&#13;
com.co.shein.questions.ValidationRegister.validationRegister(ValidationRegister.java:15)&#13;
com.co.shein.questions.ValidationRegister.validationRegister(ValidationRegister.java:15)&#13;
com.co.shein.questions.ValidationRegister.validationRegister(ValidationRegister.java:15)&#13;
com.co.shein.questions.ValidationRegister.validationRegister(ValidationRegister.java:15)&#13;
com.co.shein.questions.ValidationRegister.validationRegister(ValidationRegister.java:15)&#13;
com.co.shein.questions.ValidationRegister.validationRegister(ValidationRegister.java:15)&#13;
com.co.shein.questions.ValidationRegister.validationRegister(ValidationRegister.java:15)&#13;
com.co.shein.questions.ValidationRegister.validationRegister(ValidationRegister.java:15)&#13;
com.co.shein.questions.ValidationRegister.validationRegister(ValidationRegister.java:15)&#13;
com.co.shein.questions.ValidationRegister.validationRegister(ValidationRegister.java:15)&#13;
com.co.shein.questions.ValidationRegister.validationRegister(ValidationRegister.java:15)&#13;
com.co.shein.questions.ValidationRegister.validationRegister(ValidationRegister.java:15)&#13;
com.co.shein.questions.ValidationRegister.validationRegister(ValidationRegister.java:15)&#13;
com.co.shein.questions.ValidationRegister.validationRegister(ValidationRegister.java:15)&#13;
com.co.shein.questions.ValidationRegister.validationRegister(ValidationRegister.java:15)&#13;
com.co.shein.questions.ValidationRegister.validationRegister(ValidationRegister.java:15)&#13;
com.co.shein.questions.ValidationRegister.validationRegister(ValidationRegister.java:15)&#13;
com.co.shein.questions.ValidationRegister.validationRegister(ValidationRegister.java:15)&#13;
com.co.shein.questions.ValidationRegister.validationRegister(ValidationRegister.java:15)&#13;
com.co.shein.questions.ValidationRegister.validationRegister(ValidationRegister.java:15)&#13;
com.co.shein.questions.ValidationRegister.validationRegister(ValidationRegister.java:15)&#13;
com.co.shein.questions.ValidationRegister.validationRegister(ValidationRegister.java:15)&#13;
✽.he user registered correctly(src/test/resources/features/register.feature:9)&#13;
</system-err></testcase></testsuite>